[INFO] crate proc-macro2 0.4.30 is already in cache
[INFO] extracting crate proc-macro2 0.4.30 into work\ex\default\sources\nightly\reg\proc-macro2\0.4.30
[INFO] extracting crate proc-macro2 0.4.30 into work\ex\default\sources\nightly+rustflags=-Zverbose\reg\proc-macro2\0.4.30
[INFO] validating manifest of proc-macro2-0.4.30 on toolchain nightly
[INFO] running `"C:\\Users\\mackendy\\src\\crater\\work\\local\\cargo-home\\bin\\cargo.exe" "+nightly" "read-manifest" "--manifest-path" "Cargo.toml"`
[INFO] validating manifest of proc-macro2-0.4.30 on toolchain nightly+rustflags=-Zverbose
[INFO] running `"C:\\Users\\mackendy\\src\\crater\\work\\local\\cargo-home\\bin\\cargo.exe" "+nightly" "read-manifest" "--manifest-path" "Cargo.toml"`
[INFO] started frobbing proc-macro2-0.4.30
[INFO] finished frobbing proc-macro2-0.4.30
[INFO] frobbed toml for proc-macro2-0.4.30 written to work\ex\default\sources\nightly\reg\proc-macro2\0.4.30\Cargo.toml
[INFO] started frobbing proc-macro2-0.4.30
[INFO] finished frobbing proc-macro2-0.4.30
[INFO] frobbed toml for proc-macro2-0.4.30 written to work\ex\default\sources\nightly+rustflags=-Zverbose\reg\proc-macro2\0.4.30\Cargo.toml
[INFO] running `"C:\\Users\\mackendy\\src\\crater\\work\\local\\cargo-home\\bin\\cargo.exe" "+nightly" "generate-lockfile" "--manifest-path" "Cargo.toml" "-Zno-index-update"`
[INFO] running `"C:\\Users\\mackendy\\src\\crater\\work\\local\\cargo-home\\bin\\cargo.exe" "+nightly" "generate-lockfile" "--manifest-path" "Cargo.toml" "-Zno-index-update"`
[INFO] running `"C:\\Users\\mackendy\\src\\crater\\work\\local\\cargo-home\\bin\\cargo.exe" "+nightly" "fetch" "--locked" "--manifest-path" "Cargo.toml"`
[INFO] running `"C:\\Users\\mackendy\\src\\crater\\work\\local\\cargo-home\\bin\\cargo.exe" "+nightly" "fetch" "--locked" "--manifest-path" "Cargo.toml"`
[INFO] testing proc-macro2-0.4.30 against nightly for default
[INFO] running `"docker" "create" "--mount" "type=bind,src=C:\\Users\\mackendy\\src\\crater\\work\\local\\target-dirs\\default\\worker-1\\nightly,dst=C:\\crater\\target" "--mount" "type=bind,src=C:\\Users\\mackendy\\src\\crater\\work\\ex\\default\\sources\\nightly\\reg\\proc-macro2\\0.4.30,dst=C:\\crater\\workdir,readonly" "--mount" "type=bind,src=C:\\Users\\mackendy\\src\\crater\\work\\local\\cargo-home,dst=C:\\crater\\cargo-home,readonly" "--mount" "type=bind,src=C:\\Users\\mackendy\\src\\crater\\work\\local\\rustup-home,dst=C:\\crater\\rustup-home,readonly" "-e" "SOURCE_DIR=C:\\crater\\workdir" "-e" "CARGO_TARGET_DIR=C:\\crater\\target" "-e" "CARGO_INCREMENTAL=0" "-e" "RUST_BACKTRACE=full" "-e" "RUSTFLAGS=--cap-lints=allow" "-e" "CARGO_HOME=C:\\crater\\cargo-home" "-e" "RUSTUP_HOME=C:\\crater\\rustup-home" "-w" "C:\\crater\\workdir" "-m" "1536M" "--network" "none" "--isolation=process" "crates-build-env-windows" "C:\\crater\\cargo-home\\bin\\cargo" "+nightly" "build" "--frozen"`
[INFO] [stdout] 1f9786b03095eb2dd52c63a288d696cccb1cdb048123d45b6c4944fc1b3551c2
[INFO] running `"docker" "start" "-a" "1f9786b03095eb2dd52c63a288d696cccb1cdb048123d45b6c4944fc1b3551c2"`
[INFO] [stderr]    Compiling proc-macro2 v0.4.30 (C:\crater\workdir)
[INFO] [stderr]     Finished dev [unoptimized + debuginfo] target(s) in 15.80s
[INFO] running `"docker" "inspect" "1f9786b03095eb2dd52c63a288d696cccb1cdb048123d45b6c4944fc1b3551c2"`
[INFO] running `"docker" "rm" "-f" "1f9786b03095eb2dd52c63a288d696cccb1cdb048123d45b6c4944fc1b3551c2"`
[INFO] [stdout] 1f9786b03095eb2dd52c63a288d696cccb1cdb048123d45b6c4944fc1b3551c2
[INFO] running `"docker" "create" "--mount" "type=bind,src=C:\\Users\\mackendy\\src\\crater\\work\\local\\target-dirs\\default\\worker-1\\nightly,dst=C:\\crater\\target" "--mount" "type=bind,src=C:\\Users\\mackendy\\src\\crater\\work\\ex\\default\\sources\\nightly\\reg\\proc-macro2\\0.4.30,dst=C:\\crater\\workdir,readonly" "--mount" "type=bind,src=C:\\Users\\mackendy\\src\\crater\\work\\local\\cargo-home,dst=C:\\crater\\cargo-home,readonly" "--mount" "type=bind,src=C:\\Users\\mackendy\\src\\crater\\work\\local\\rustup-home,dst=C:\\crater\\rustup-home,readonly" "-e" "SOURCE_DIR=C:\\crater\\workdir" "-e" "CARGO_TARGET_DIR=C:\\crater\\target" "-e" "CARGO_INCREMENTAL=0" "-e" "RUST_BACKTRACE=full" "-e" "RUSTFLAGS=--cap-lints=allow" "-e" "CARGO_HOME=C:\\crater\\cargo-home" "-e" "RUSTUP_HOME=C:\\crater\\rustup-home" "-w" "C:\\crater\\workdir" "-m" "1536M" "--network" "none" "--isolation=process" "crates-build-env-windows" "C:\\crater\\cargo-home\\bin\\cargo" "+nightly" "test" "--frozen" "--no-run"`
[INFO] [stdout] 68c569223cbbb7b09e26ee0e24229fbcf8184f4014c818e527b2ed1ed457ea67
[INFO] running `"docker" "start" "-a" "68c569223cbbb7b09e26ee0e24229fbcf8184f4014c818e527b2ed1ed457ea67"`
[INFO] [stderr]    Compiling quote v0.6.13
[INFO] [stderr]    Compiling proc-macro2 v0.4.30 (C:\crater\workdir)
[INFO] [stderr]     Finished dev [unoptimized + debuginfo] target(s) in 6.12s
[INFO] running `"docker" "inspect" "68c569223cbbb7b09e26ee0e24229fbcf8184f4014c818e527b2ed1ed457ea67"`
[INFO] running `"docker" "rm" "-f" "68c569223cbbb7b09e26ee0e24229fbcf8184f4014c818e527b2ed1ed457ea67"`
[INFO] [stdout] 68c569223cbbb7b09e26ee0e24229fbcf8184f4014c818e527b2ed1ed457ea67
[INFO] running `"docker" "create" "--mount" "type=bind,src=C:\\Users\\mackendy\\src\\crater\\work\\local\\target-dirs\\default\\worker-1\\nightly,dst=C:\\crater\\target" "--mount" "type=bind,src=C:\\Users\\mackendy\\src\\crater\\work\\ex\\default\\sources\\nightly\\reg\\proc-macro2\\0.4.30,dst=C:\\crater\\workdir,readonly" "--mount" "type=bind,src=C:\\Users\\mackendy\\src\\crater\\work\\local\\cargo-home,dst=C:\\crater\\cargo-home,readonly" "--mount" "type=bind,src=C:\\Users\\mackendy\\src\\crater\\work\\local\\rustup-home,dst=C:\\crater\\rustup-home,readonly" "-e" "SOURCE_DIR=C:\\crater\\workdir" "-e" "CARGO_TARGET_DIR=C:\\crater\\target" "-e" "CARGO_INCREMENTAL=0" "-e" "RUST_BACKTRACE=full" "-e" "RUSTFLAGS=--cap-lints=allow" "-e" "CARGO_HOME=C:\\crater\\cargo-home" "-e" "RUSTUP_HOME=C:\\crater\\rustup-home" "-w" "C:\\crater\\workdir" "-m" "1536M" "--network" "none" "--isolation=process" "crates-build-env-windows" "C:\\crater\\cargo-home\\bin\\cargo" "+nightly" "test" "--frozen"`
[INFO] [stdout] f2f8163394cc692847bbdbfe1d866e4064f3c125eb263e0c6593561cc147f9eb
[INFO] running `"docker" "start" "-a" "f2f8163394cc692847bbdbfe1d866e4064f3c125eb263e0c6593561cc147f9eb"`
[INFO] [stderr]     Finished dev [unoptimized + debuginfo] target(s) in 0.23s
[INFO] [stderr]      Running C:\crater\target\debug\deps\proc_macro2-d5eacb16f7237128.exe
[INFO] [stdout] 
[INFO] [stdout] running 0 tests
[INFO] [stdout] 
[INFO] [stdout] test result: ok. 0 passed; 0 failed; 0 ignored; 0 measured; 0 filtered out
[INFO] [stdout] 
[INFO] [stderr]      Running C:\crater\target\debug\deps\marker-da5254fccf08f8f3.exe
[INFO] [stdout] 
[INFO] [stdout] running 10 tests
[INFO] [stdout] test Delimiter ... ok
[INFO] [stdout] test Group ... ok
[INFO] [stdout] test Ident ... ok
[INFO] [stdout] test LexError ... ok
[INFO] [stdout] test Literal ... ok
[INFO] [stdout] test Spacing ... ok
[INFO] [stdout] test Punct ... ok
[INFO] [stdout] test Span ... ok
[INFO] [stdout] test TokenTree ... ok
[INFO] [stdout] test TokenStream ... ok
[INFO] [stdout] 
[INFO] [stdout] test result: ok. 10 passed; 0 failed; 0 ignored; 0 measured; 0 filtered out
[INFO] [stdout] 
[INFO] [stderr]      Running C:\crater\target\debug\deps\test-5d39991c6758ab0a.exe
[INFO] [stdout] 
[INFO] [stdout] running 22 tests
[INFO] [stdout] test default_tokenstream_is_empty ... ok
[INFO] [stdout] test fail ... ok
[INFO] [stdout] test idents ... ok
[INFO] [stdout] test ident_empty ... ok
[INFO] [stdout] test ident_invalid ... ok
[INFO] [stdout] test ident_number ... ok
[INFO] [stdout] test lifetime_empty ... ok
[INFO] [stdout] test literal_character ... ok
[INFO] [stdout] test literal_float ... ok
[INFO] [stdout] test literal_string ... ok
[INFO] [stdout] test lifetime_invalid ... ok
[INFO] [stdout] test no_panic ... ok
[INFO] [stdout] test lifetime_number ... ok
[INFO] [stdout] test op_before_comment ... ok
[INFO] [stdout] test raw_ident_empty ... ok
[INFO] [stdout] test raw_identifier ... ok
[INFO] [stdout] test roundtrip ... ok
[INFO] [stdout] test raw_ident_invalid ... ok
[INFO] [stdout] test test_debug_ident ... ok
[INFO] [stdout] test test_debug_tokenstream ... ok
[INFO] [stdout] test tricky_doc_comment ... ok
[INFO] [stdout] test raw_ident_number ... ok
[INFO] [stdout] 
[INFO] [stdout] test result: ok. 22 passed; 0 failed; 0 ignored; 0 measured; 0 filtered out
[INFO] [stdout] 
[INFO] [stderr]    Doc-tests proc-macro2
[INFO] [stdout] 
[INFO] [stdout] running 4 tests
[INFO] [stdout] test src\lib.rs - Ident (line 788) ... FAILED
[INFO] [stdout] test src\lib.rs -  (line 36) ... ok
[INFO] [stdout] test src\lib.rs - Ident (line 776) ... ok
[INFO] [stdout] test src\lib.rs - Ident (line 807) ... ok
[INFO] [stdout] 
[INFO] [stdout] failures:
[INFO] [stdout] 
[INFO] [stdout] ---- src\lib.rs - Ident (line 788) stdout ----
[INFO] [stdout] error[E0277]: the trait bound `proc_macro2::Ident: quote::to_tokens::ToTokens` is not satisfied
[INFO] [stdout]   --> src\lib.rs:796:20
[INFO] [stdout]    |
[INFO] [stdout] 10 |     let expanded = quote! { let #ident = 10; };
[INFO] [stdout]    |                    ^^^^^^^^^^^^^^^^^^^^^^^^^^^ the trait `quote::to_tokens::ToTokens` is not implemented for `proc_macro2::Ident`
[INFO] [stdout]    |
[INFO] [stdout]    = note: required by `quote::to_tokens::ToTokens::to_tokens`
[INFO] [stdout]    = note: this error originates in a macro outside of the current crate (in Nightly builds, run with -Z external-macro-backtrace for more info)
[INFO] [stdout] 
[INFO] [stdout] error[E0277]: the trait bound `proc_macro2::Ident: quote::to_tokens::ToTokens` is not satisfied
[INFO] [stdout]   --> src\lib.rs:800:20
[INFO] [stdout]    |
[INFO] [stdout] 14 |     let expanded = quote! { let #temp_ident = 10; };
[INFO] [stdout]    |                    ^^^^^^^^^^^^^^^^^^^^^^^^^^^^^^^^ the trait `quote::to_tokens::ToTokens` is not implemented for `proc_macro2::Ident`
[INFO] [stdout]    |
[INFO] [stdout]    = note: required by `quote::to_tokens::ToTokens::to_tokens`
[INFO] [stdout]    = note: this error originates in a macro outside of the current crate (in Nightly builds, run with -Z external-macro-backtrace for more info)
[INFO] [stdout] 
[INFO] [stdout] error: aborting due to 2 previous errors
[INFO] [stdout] 
[INFO] [stdout] For more information about this error, try `rustc --explain E0277`.
[INFO] [stdout] Couldn't compile the test.
[INFO] [stdout] 
[INFO] [stdout] failures:
[INFO] [stdout]     src\lib.rs - Ident (line 788)
[INFO] [stdout] 
[INFO] [stdout] test result: FAILED. 3 passed; 1 failed; 0 ignored; 0 measured; 0 filtered out
[INFO] [stdout] 
[INFO] [stderr] error: test failed, to rerun pass '--doc'
[INFO] running `"docker" "inspect" "f2f8163394cc692847bbdbfe1d866e4064f3c125eb263e0c6593561cc147f9eb"`
[INFO] running `"docker" "rm" "-f" "f2f8163394cc692847bbdbfe1d866e4064f3c125eb263e0c6593561cc147f9eb"`
[INFO] [stdout] f2f8163394cc692847bbdbfe1d866e4064f3c125eb263e0c6593561cc147f9eb
