[INFO] fetching crate zero_sum 1.2.0...
[INFO] extracting crate zero_sum 1.2.0 into work\ex\default\sources\nightly\reg\zero_sum\1.2.0
[INFO] extracting crate zero_sum 1.2.0 into work\ex\default\sources\nightly+rustflags=-Zverbose\reg\zero_sum\1.2.0
[INFO] validating manifest of zero_sum-1.2.0 on toolchain nightly
[INFO] running `"C:\\Users\\mackendy\\src\\crater\\work\\local\\cargo-home\\bin\\cargo.exe" "+nightly" "read-manifest" "--manifest-path" "Cargo.toml"`
[INFO] validating manifest of zero_sum-1.2.0 on toolchain nightly+rustflags=-Zverbose
[INFO] running `"C:\\Users\\mackendy\\src\\crater\\work\\local\\cargo-home\\bin\\cargo.exe" "+nightly" "read-manifest" "--manifest-path" "Cargo.toml"`
[INFO] started frobbing zero_sum-1.2.0
[INFO] finished frobbing zero_sum-1.2.0
[INFO] frobbed toml for zero_sum-1.2.0 written to work\ex\default\sources\nightly\reg\zero_sum\1.2.0\Cargo.toml
[INFO] started frobbing zero_sum-1.2.0
[INFO] finished frobbing zero_sum-1.2.0
[INFO] frobbed toml for zero_sum-1.2.0 written to work\ex\default\sources\nightly+rustflags=-Zverbose\reg\zero_sum\1.2.0\Cargo.toml
[INFO] running `"C:\\Users\\mackendy\\src\\crater\\work\\local\\cargo-home\\bin\\cargo.exe" "+nightly" "generate-lockfile" "--manifest-path" "Cargo.toml" "-Zno-index-update"`
[INFO] running `"C:\\Users\\mackendy\\src\\crater\\work\\local\\cargo-home\\bin\\cargo.exe" "+nightly" "generate-lockfile" "--manifest-path" "Cargo.toml" "-Zno-index-update"`
[INFO] running `"C:\\Users\\mackendy\\src\\crater\\work\\local\\cargo-home\\bin\\cargo.exe" "+nightly" "fetch" "--locked" "--manifest-path" "Cargo.toml"`
[INFO] [stderr]  Downloading crates ...
[INFO] [stderr]   Downloaded rusqlite v0.10.1
[INFO] [stderr]   Downloaded blas v0.15.5
[INFO] [stderr]   Downloaded blas-sys v0.6.9
[INFO] [stderr]   Downloaded openblas-src v0.5.6
[INFO] [stderr]   Downloaded libsqlite3-sys v0.7.1
[INFO] running `"C:\\Users\\mackendy\\src\\crater\\work\\local\\cargo-home\\bin\\cargo.exe" "+nightly" "fetch" "--locked" "--manifest-path" "Cargo.toml"`
[INFO] testing zero_sum-1.2.0 against nightly+rustflags=-Zverbose for default
[INFO] running `"docker" "create" "--mount" "type=bind,src=C:\\Users\\mackendy\\src\\crater\\work\\local\\target-dirs\\default\\worker-1\\nightly+rustflags=-Zverbose,dst=C:\\crater\\target" "--mount" "type=bind,src=C:\\Users\\mackendy\\src\\crater\\work\\ex\\default\\sources\\nightly+rustflags=-Zverbose\\reg\\zero_sum\\1.2.0,dst=C:\\crater\\workdir,readonly" "--mount" "type=bind,src=C:\\Users\\mackendy\\src\\crater\\work\\local\\cargo-home,dst=C:\\crater\\cargo-home,readonly" "--mount" "type=bind,src=C:\\Users\\mackendy\\src\\crater\\work\\local\\rustup-home,dst=C:\\crater\\rustup-home,readonly" "-e" "SOURCE_DIR=C:\\crater\\workdir" "-e" "CARGO_TARGET_DIR=C:\\crater\\target" "-e" "CARGO_INCREMENTAL=0" "-e" "RUST_BACKTRACE=full" "-e" "RUSTFLAGS=--cap-lints=allow -Zverbose" "-e" "CARGO_HOME=C:\\crater\\cargo-home" "-e" "RUSTUP_HOME=C:\\crater\\rustup-home" "-w" "C:\\crater\\workdir" "-m" "1536M" "--network" "none" "--isolation=process" "crates-build-env-windows" "C:\\crater\\cargo-home\\bin\\cargo" "+nightly" "build" "--frozen"`
[INFO] [stdout] 7fdcb87cb4fe435be888df5ee664c5914016eafbb4ca617c09b4240440211be4
[INFO] running `"docker" "start" "-a" "7fdcb87cb4fe435be888df5ee664c5914016eafbb4ca617c09b4240440211be4"`
[INFO] [stderr]    Compiling zero_sum v1.2.0 (C:\crater\workdir)
[INFO] [stderr]     Finished dev [unoptimized + debuginfo] target(s) in 3.28s
[INFO] running `"docker" "inspect" "7fdcb87cb4fe435be888df5ee664c5914016eafbb4ca617c09b4240440211be4"`
[INFO] running `"docker" "rm" "-f" "7fdcb87cb4fe435be888df5ee664c5914016eafbb4ca617c09b4240440211be4"`
[INFO] [stdout] 7fdcb87cb4fe435be888df5ee664c5914016eafbb4ca617c09b4240440211be4
[INFO] running `"docker" "create" "--mount" "type=bind,src=C:\\Users\\mackendy\\src\\crater\\work\\local\\target-dirs\\default\\worker-1\\nightly+rustflags=-Zverbose,dst=C:\\crater\\target" "--mount" "type=bind,src=C:\\Users\\mackendy\\src\\crater\\work\\ex\\default\\sources\\nightly+rustflags=-Zverbose\\reg\\zero_sum\\1.2.0,dst=C:\\crater\\workdir,readonly" "--mount" "type=bind,src=C:\\Users\\mackendy\\src\\crater\\work\\local\\cargo-home,dst=C:\\crater\\cargo-home,readonly" "--mount" "type=bind,src=C:\\Users\\mackendy\\src\\crater\\work\\local\\rustup-home,dst=C:\\crater\\rustup-home,readonly" "-e" "SOURCE_DIR=C:\\crater\\workdir" "-e" "CARGO_TARGET_DIR=C:\\crater\\target" "-e" "CARGO_INCREMENTAL=0" "-e" "RUST_BACKTRACE=full" "-e" "RUSTFLAGS=--cap-lints=allow -Zverbose" "-e" "CARGO_HOME=C:\\crater\\cargo-home" "-e" "RUSTUP_HOME=C:\\crater\\rustup-home" "-w" "C:\\crater\\workdir" "-m" "1536M" "--network" "none" "--isolation=process" "crates-build-env-windows" "C:\\crater\\cargo-home\\bin\\cargo" "+nightly" "test" "--frozen" "--no-run"`
[INFO] [stdout] 285a2364b3e3345568d32e557f8e34806ca723c3ff7c27ae058ea7bef3fe4b70
[INFO] running `"docker" "start" "-a" "285a2364b3e3345568d32e557f8e34806ca723c3ff7c27ae058ea7bef3fe4b70"`
[INFO] [stderr]    Compiling zero_sum v1.2.0 (C:\crater\workdir)
[INFO] [stderr] error[E0433]: failed to resolve: could not find `impls` in `zero_sum`
[INFO] [stderr]   --> examples\tic_tac_toe.rs:25:15
[INFO] [stderr]    |
[INFO] [stderr] 25 | use zero_sum::impls::tic_tac_toe::*;
[INFO] [stderr]    |               ^^^^^ could not find `impls` in `zero_sum`
[INFO] [stderr] 
[INFO] [stderr] error[E0433]: failed to resolve: could not find `impls` in `zero_sum`
[INFO] [stderr]   --> examples\tak_opening.rs:23:15
[INFO] [stderr]    |
[INFO] [stderr] 23 | use zero_sum::impls::tak::*;
[INFO] [stderr]    |               ^^^^^ could not find `impls` in `zero_sum`
[INFO] [stderr] error[E0433]: failed to resolve: use of undeclared type or module `Board`
[INFO] [stderr]   --> examples\tic_tac_toe.rs:32:25
[INFO] [stderr]    |
[INFO] [stderr] 
[INFO] [stderr] 32 |         let mut board = Board::new();
[INFO] [stderr]    |                         ^^^^^ use of undeclared type or module `Board`
[INFO] [stderr] 
[INFO] [stderr] error[E0433]: failed to resolve: use of undeclared type or module `State`
[INFO] [stderr]   --> examples\tak_opening.rs:26:17
[INFO] [stderr]    |
[INFO] [stderr] 26 |     let state = State::new(5);
[INFO] [stderr]    |                 ^^^^^ use of undeclared type or module `State`
[INFO] [stderr] 
[INFO] [stderr] error[E0433]: failed to resolve: use of undeclared type or module `evaluator`
[INFO] [stderr]   --> examples\tak_opening.rs:27:21
[INFO] [stderr]    |
[INFO] [stderr] 27 |     let evaluator = evaluator::StaticEvaluator;
[INFO] [stderr]    |                     ^^^^^^^^^ use of undeclared type or module `evaluator`
[INFO] [stderr] 
[INFO] [stderr] error[E0433]: failed to resolve: use of undeclared type or module `Resolution`
[INFO] [stderr]   --> examples\tic_tac_toe.rs:48:22
[INFO] [stderr]    |
[INFO] [stderr] 48 |                 Some(Resolution::Win(mark)) => {
[INFO] [stderr]    |                      ^^^^^^^^^^ use of undeclared type or module `Resolution`
[INFO] [stderr] 
[INFO] [stderr] error[E0433]: failed to resolve: use of undeclared type or module `Resolution`
[INFO] [stderr]   --> examples\tic_tac_toe.rs:52:22
[INFO] [stderr]    |
[INFO] [stderr] 52 |                 Some(Resolution::CatsGame) => {
[INFO] [stderr]    |                      ^^^^^^^^^^ use of undeclared type or module `Resolution`
[INFO] [stderr] 
[INFO] [stderr] error[E0425]: cannot find value `Evaluator` in this scope
[INFO] [stderr]   --> examples\tic_tac_toe.rs:33:25
[INFO] [stderr]    |
[INFO] [stderr] 33 |         let evaluator = Evaluator;
[INFO] [stderr]    |                         ^^^^^^^^^ not found in this scope
[INFO] [stderr] 
[INFO] [stderr] error[E0422]: cannot find struct, variant or union type `Ply` in this scope
[INFO] [stderr]   --> examples\tic_tac_toe.rs:80:17
[INFO] [stderr]    |
[INFO] [stderr] 80 |                 Ply {
[INFO] [stderr]    |                 ^^^ not found in this scope
[INFO] [stderr] 
[INFO] [stderr] error[E0603]: module `pvsearch` is private
[INFO] [stderr]   --> examples\tic_tac_toe.rs:34:50
[INFO] [stderr]    |
[INFO] [stderr] 34 |         let mut ai = zero_sum::analysis::search::pvsearch::PvSearch::new(evaluator);
[INFO] [stderr]    |                                                  ^^^^^^^^
[INFO] [stderr] 
[INFO] [stderr] error: aborting due to 3 previous errors
[INFO] [stderr] 
[INFO] [stderr] For more information about this error, try `rustc --explain E0433`.
[INFO] [stderr] error: Could not compile `zero_sum`.
[INFO] [stderr] warning: build failed, waiting for other jobs to finish...
[INFO] [stderr] error[E0609]: no field `principal_variation` on type `std::boxed::Box<(dyn zero_sum::analysis::search::Analysis + ReStatic)>`
[INFO] [stderr]   --> examples\tic_tac_toe.rs:87:41
[INFO] [stderr]    |
[INFO] [stderr] 87 |                 ai.search(&board, None).principal_variation[0].clone()
[INFO] [stderr]    |                                         ^^^^^^^^^^^^^^^^^^^ unknown field
[INFO] [stderr] 
[INFO] [stderr] error: aborting due to 8 previous errors
[INFO] [stderr] 
[INFO] [stderr] Some errors have detailed explanations: E0422, E0425, E0433, E0603, E0609.
[INFO] [stderr] For more information about an error, try `rustc --explain E0422`.
[INFO] [stderr] error: Could not compile `zero_sum`.
[INFO] [stderr] warning: build failed, waiting for other jobs to finish...
[INFO] [stderr] error: build failed
[INFO] running `"docker" "inspect" "285a2364b3e3345568d32e557f8e34806ca723c3ff7c27ae058ea7bef3fe4b70"`
[INFO] running `"docker" "rm" "-f" "285a2364b3e3345568d32e557f8e34806ca723c3ff7c27ae058ea7bef3fe4b70"`
[INFO] [stdout] 285a2364b3e3345568d32e557f8e34806ca723c3ff7c27ae058ea7bef3fe4b70
