[INFO] crate proc-macro2 0.4.30 is already in cache
[INFO] extracting crate proc-macro2 0.4.30 into work\ex\default\sources\nightly\reg\proc-macro2\0.4.30
[INFO] extracting crate proc-macro2 0.4.30 into work\ex\default\sources\nightly+rustflags=-Zverbose\reg\proc-macro2\0.4.30
[INFO] validating manifest of proc-macro2-0.4.30 on toolchain nightly
[INFO] running `"C:\\Users\\mackendy\\src\\crater\\work\\local\\cargo-home\\bin\\cargo.exe" "+nightly" "read-manifest" "--manifest-path" "Cargo.toml"`
[INFO] validating manifest of proc-macro2-0.4.30 on toolchain nightly+rustflags=-Zverbose
[INFO] running `"C:\\Users\\mackendy\\src\\crater\\work\\local\\cargo-home\\bin\\cargo.exe" "+nightly" "read-manifest" "--manifest-path" "Cargo.toml"`
[INFO] started frobbing proc-macro2-0.4.30
[INFO] finished frobbing proc-macro2-0.4.30
[INFO] frobbed toml for proc-macro2-0.4.30 written to work\ex\default\sources\nightly\reg\proc-macro2\0.4.30\Cargo.toml
[INFO] started frobbing proc-macro2-0.4.30
[INFO] finished frobbing proc-macro2-0.4.30
[INFO] frobbed toml for proc-macro2-0.4.30 written to work\ex\default\sources\nightly+rustflags=-Zverbose\reg\proc-macro2\0.4.30\Cargo.toml
[INFO] running `"C:\\Users\\mackendy\\src\\crater\\work\\local\\cargo-home\\bin\\cargo.exe" "+nightly" "generate-lockfile" "--manifest-path" "Cargo.toml" "-Zno-index-update"`
[INFO] running `"C:\\Users\\mackendy\\src\\crater\\work\\local\\cargo-home\\bin\\cargo.exe" "+nightly" "generate-lockfile" "--manifest-path" "Cargo.toml" "-Zno-index-update"`
[INFO] running `"C:\\Users\\mackendy\\src\\crater\\work\\local\\cargo-home\\bin\\cargo.exe" "+nightly" "fetch" "--locked" "--manifest-path" "Cargo.toml"`
[INFO] running `"C:\\Users\\mackendy\\src\\crater\\work\\local\\cargo-home\\bin\\cargo.exe" "+nightly" "fetch" "--locked" "--manifest-path" "Cargo.toml"`
[INFO] testing proc-macro2-0.4.30 against nightly+rustflags=-Zverbose for default
[INFO] running `"docker" "create" "--mount" "type=bind,src=C:\\Users\\mackendy\\src\\crater\\work\\local\\target-dirs\\default\\worker-0\\nightly+rustflags=-Zverbose,dst=C:\\crater\\target" "--mount" "type=bind,src=C:\\Users\\mackendy\\src\\crater\\work\\ex\\default\\sources\\nightly+rustflags=-Zverbose\\reg\\proc-macro2\\0.4.30,dst=C:\\crater\\workdir,readonly" "--mount" "type=bind,src=C:\\Users\\mackendy\\src\\crater\\work\\local\\cargo-home,dst=C:\\crater\\cargo-home,readonly" "--mount" "type=bind,src=C:\\Users\\mackendy\\src\\crater\\work\\local\\rustup-home,dst=C:\\crater\\rustup-home,readonly" "-e" "SOURCE_DIR=C:\\crater\\workdir" "-e" "CARGO_TARGET_DIR=C:\\crater\\target" "-e" "CARGO_INCREMENTAL=0" "-e" "RUST_BACKTRACE=full" "-e" "RUSTFLAGS=--cap-lints=allow -Zverbose" "-e" "CARGO_HOME=C:\\crater\\cargo-home" "-e" "RUSTUP_HOME=C:\\crater\\rustup-home" "-w" "C:\\crater\\workdir" "-m" "1536M" "--network" "none" "--isolation=process" "crates-build-env-windows" "C:\\crater\\cargo-home\\bin\\cargo" "+nightly" "build" "--frozen"`
[INFO] [stdout] 11b449dbd2a94ab4b899f1ea58902c0502bf2a3bb78c8111cea4317d95d1f745
[INFO] running `"docker" "start" "-a" "11b449dbd2a94ab4b899f1ea58902c0502bf2a3bb78c8111cea4317d95d1f745"`
[INFO] [stderr]    Compiling proc-macro2 v0.4.30 (C:\crater\workdir)
[INFO] [stderr]     Finished dev [unoptimized + debuginfo] target(s) in 8.02s
[INFO] running `"docker" "inspect" "11b449dbd2a94ab4b899f1ea58902c0502bf2a3bb78c8111cea4317d95d1f745"`
[INFO] running `"docker" "rm" "-f" "11b449dbd2a94ab4b899f1ea58902c0502bf2a3bb78c8111cea4317d95d1f745"`
[INFO] [stdout] 11b449dbd2a94ab4b899f1ea58902c0502bf2a3bb78c8111cea4317d95d1f745
[INFO] running `"docker" "create" "--mount" "type=bind,src=C:\\Users\\mackendy\\src\\crater\\work\\local\\target-dirs\\default\\worker-0\\nightly+rustflags=-Zverbose,dst=C:\\crater\\target" "--mount" "type=bind,src=C:\\Users\\mackendy\\src\\crater\\work\\ex\\default\\sources\\nightly+rustflags=-Zverbose\\reg\\proc-macro2\\0.4.30,dst=C:\\crater\\workdir,readonly" "--mount" "type=bind,src=C:\\Users\\mackendy\\src\\crater\\work\\local\\cargo-home,dst=C:\\crater\\cargo-home,readonly" "--mount" "type=bind,src=C:\\Users\\mackendy\\src\\crater\\work\\local\\rustup-home,dst=C:\\crater\\rustup-home,readonly" "-e" "SOURCE_DIR=C:\\crater\\workdir" "-e" "CARGO_TARGET_DIR=C:\\crater\\target" "-e" "CARGO_INCREMENTAL=0" "-e" "RUST_BACKTRACE=full" "-e" "RUSTFLAGS=--cap-lints=allow -Zverbose" "-e" "CARGO_HOME=C:\\crater\\cargo-home" "-e" "RUSTUP_HOME=C:\\crater\\rustup-home" "-w" "C:\\crater\\workdir" "-m" "1536M" "--network" "none" "--isolation=process" "crates-build-env-windows" "C:\\crater\\cargo-home\\bin\\cargo" "+nightly" "test" "--frozen" "--no-run"`
[INFO] [stdout] e84e2ecf85832d9bcf0c76bad49c7efef7fbcb7605fd70f136d802ec4917ca50
[INFO] running `"docker" "start" "-a" "e84e2ecf85832d9bcf0c76bad49c7efef7fbcb7605fd70f136d802ec4917ca50"`
[INFO] [stderr]    Compiling proc-macro2 v0.4.30
[INFO] [stderr]    Compiling quote v0.6.13
[INFO] [stderr]    Compiling proc-macro2 v0.4.30 (C:\crater\workdir)
[INFO] [stderr]     Finished dev [unoptimized + debuginfo] target(s) in 22.40s
[INFO] running `"docker" "inspect" "e84e2ecf85832d9bcf0c76bad49c7efef7fbcb7605fd70f136d802ec4917ca50"`
[INFO] running `"docker" "rm" "-f" "e84e2ecf85832d9bcf0c76bad49c7efef7fbcb7605fd70f136d802ec4917ca50"`
[INFO] [stdout] e84e2ecf85832d9bcf0c76bad49c7efef7fbcb7605fd70f136d802ec4917ca50
[INFO] running `"docker" "create" "--mount" "type=bind,src=C:\\Users\\mackendy\\src\\crater\\work\\local\\target-dirs\\default\\worker-0\\nightly+rustflags=-Zverbose,dst=C:\\crater\\target" "--mount" "type=bind,src=C:\\Users\\mackendy\\src\\crater\\work\\ex\\default\\sources\\nightly+rustflags=-Zverbose\\reg\\proc-macro2\\0.4.30,dst=C:\\crater\\workdir,readonly" "--mount" "type=bind,src=C:\\Users\\mackendy\\src\\crater\\work\\local\\cargo-home,dst=C:\\crater\\cargo-home,readonly" "--mount" "type=bind,src=C:\\Users\\mackendy\\src\\crater\\work\\local\\rustup-home,dst=C:\\crater\\rustup-home,readonly" "-e" "SOURCE_DIR=C:\\crater\\workdir" "-e" "CARGO_TARGET_DIR=C:\\crater\\target" "-e" "CARGO_INCREMENTAL=0" "-e" "RUST_BACKTRACE=full" "-e" "RUSTFLAGS=--cap-lints=allow -Zverbose" "-e" "CARGO_HOME=C:\\crater\\cargo-home" "-e" "RUSTUP_HOME=C:\\crater\\rustup-home" "-w" "C:\\crater\\workdir" "-m" "1536M" "--network" "none" "--isolation=process" "crates-build-env-windows" "C:\\crater\\cargo-home\\bin\\cargo" "+nightly" "test" "--frozen"`
[INFO] [stdout] 4bf8a09f1f93b014d747c2e1fd14d7a8957d9b2bb31d2ebb429bca60a04275cb
[INFO] running `"docker" "start" "-a" "4bf8a09f1f93b014d747c2e1fd14d7a8957d9b2bb31d2ebb429bca60a04275cb"`
[INFO] [stderr]     Finished dev [unoptimized + debuginfo] target(s) in 0.20s
[INFO] [stderr]      Running C:\crater\target\debug\deps\proc_macro2-500246aba1cfd0b8.exe
[INFO] [stdout] 
[INFO] [stdout] running 0 tests
[INFO] [stdout] 
[INFO] [stdout] test result: ok. 0 passed; 0 failed; 0 ignored; 0 measured; 0 filtered out
[INFO] [stdout] 
[INFO] [stderr]      Running C:\crater\target\debug\deps\marker-d3ceba3e7b2d5c39.exe
[INFO] [stdout] 
[INFO] [stdout] running 10 tests
[INFO] [stdout] test Delimiter ... ok
[INFO] [stdout] test Group ... ok
[INFO] [stdout] test Ident ... ok
[INFO] [stdout] test LexError ... ok
[INFO] [stdout] test Literal ... ok
[INFO] [stdout] test Punct ... ok
[INFO] [stdout] test Spacing ... ok
[INFO] [stdout] test Span ... ok
[INFO] [stdout] test TokenStream ... ok
[INFO] [stdout] test TokenTree ... ok
[INFO] [stdout] 
[INFO] [stdout] test result: ok. 10 passed; 0 failed; 0 ignored; 0 measured; 0 filtered out
[INFO] [stdout] 
[INFO] [stderr]      Running C:\crater\target\debug\deps\test-b220e5d5d4b96bb3.exe
[INFO] [stdout] 
[INFO] [stdout] running 22 tests
[INFO] [stdout] test default_tokenstream_is_empty ... ok
[INFO] [stdout] test fail ... ok
[INFO] [stdout] test idents ... ok
[INFO] [stdout] test ident_empty ... ok
[INFO] [stdout] test ident_invalid ... ok
[INFO] [stdout] test ident_number ... ok
[INFO] [stdout] test literal_character ... ok
[INFO] [stdout] test literal_float ... ok
[INFO] [stdout] test lifetime_empty ... ok
[INFO] [stdout] test literal_string ... ok
[INFO] [stdout] test no_panic ... ok
[INFO] [stdout] test op_before_comment ... ok
[INFO] [stdout] test lifetime_invalid ... ok
[INFO] [stdout] test lifetime_number ... ok
[INFO] [stdout] test raw_identifier ... ok
[INFO] [stdout] test roundtrip ... ok
[INFO] [stdout] test test_debug_ident ... ok
[INFO] [stdout] test raw_ident_empty ... ok
[INFO] [stdout] test test_debug_tokenstream ... ok
[INFO] [stdout] test tricky_doc_comment ... ok
[INFO] [stdout] test raw_ident_invalid ... ok
[INFO] [stdout] test raw_ident_number ... ok
[INFO] [stdout] 
[INFO] [stdout] test result: ok. 22 passed; 0 failed; 0 ignored; 0 measured; 0 filtered out
[INFO] [stdout] 
[INFO] [stderr]    Doc-tests proc-macro2
[INFO] [stdout] 
[INFO] [stdout] running 4 tests
[INFO] [stdout] test src\lib.rs - Ident (line 788) ... FAILED
[INFO] [stdout] test src\lib.rs - Ident (line 776) ... ok
[INFO] [stdout] test src\lib.rs - Ident (line 807) ... ok
[INFO] [stdout] test src\lib.rs -  (line 36) ... ok
[INFO] [stdout] 
[INFO] [stdout] failures:
[INFO] [stdout] 
[INFO] [stdout] ---- src\lib.rs - Ident (line 788) stdout ----
[INFO] [stdout] error[E0277]: the trait bound `proc_macro2::Ident: quote::to_tokens::ToTokens` is not satisfied
[INFO] [stdout]   --> src\lib.rs:796:20
[INFO] [stdout]    |
[INFO] [stdout] 10 |     let expanded = quote! { let #ident = 10; };
[INFO] [stdout]    |                    ^^^^^^^^^^^^^^^^^^^^^^^^^^^ the trait `quote::to_tokens::ToTokens` is not implemented for `proc_macro2::Ident`
[INFO] [stdout]    |
[INFO] [stdout]    = note: required by `quote::to_tokens::ToTokens::to_tokens`
[INFO] [stdout]    = note: this error originates in a macro outside of the current crate (in Nightly builds, run with -Z external-macro-backtrace for more info)
[INFO] [stdout] 
[INFO] [stdout] error[E0277]: the trait bound `proc_macro2::Ident: quote::to_tokens::ToTokens` is not satisfied
[INFO] [stdout]   --> src\lib.rs:800:20
[INFO] [stdout]    |
[INFO] [stdout] 14 |     let expanded = quote! { let #temp_ident = 10; };
[INFO] [stdout]    |                    ^^^^^^^^^^^^^^^^^^^^^^^^^^^^^^^^ the trait `quote::to_tokens::ToTokens` is not implemented for `proc_macro2::Ident`
[INFO] [stdout]    |
[INFO] [stdout]    = note: required by `quote::to_tokens::ToTokens::to_tokens`
[INFO] [stdout]    = note: this error originates in a macro outside of the current crate (in Nightly builds, run with -Z external-macro-backtrace for more info)
[INFO] [stdout] 
[INFO] [stdout] error: aborting due to 2 previous errors
[INFO] [stdout] 
[INFO] [stdout] For more information about this error, try `rustc --explain E0277`.
[INFO] [stdout] Couldn't compile the test.
[INFO] [stdout] 
[INFO] [stdout] failures:
[INFO] [stdout]     src\lib.rs - Ident (line 788)
[INFO] [stdout] 
[INFO] [stdout] test result: FAILED. 3 passed; 1 failed; 0 ignored; 0 measured; 0 filtered out
[INFO] [stdout] 
[INFO] [stderr] error: test failed, to rerun pass '--doc'
[INFO] running `"docker" "inspect" "4bf8a09f1f93b014d747c2e1fd14d7a8957d9b2bb31d2ebb429bca60a04275cb"`
[INFO] running `"docker" "rm" "-f" "4bf8a09f1f93b014d747c2e1fd14d7a8957d9b2bb31d2ebb429bca60a04275cb"`
[INFO] [stdout] 4bf8a09f1f93b014d747c2e1fd14d7a8957d9b2bb31d2ebb429bca60a04275cb
