[INFO] fetching crate readonly 0.1.4...
[INFO] extracting crate readonly 0.1.4 into work\ex\default\sources\nightly\reg\readonly\0.1.4
[INFO] extracting crate readonly 0.1.4 into work\ex\default\sources\nightly+rustflags=-Zverbose\reg\readonly\0.1.4
[INFO] validating manifest of readonly-0.1.4 on toolchain nightly
[INFO] running `"C:\\Users\\mackendy\\src\\crater\\work\\local\\cargo-home\\bin\\cargo.exe" "+nightly" "read-manifest" "--manifest-path" "Cargo.toml"`
[INFO] validating manifest of readonly-0.1.4 on toolchain nightly+rustflags=-Zverbose
[INFO] running `"C:\\Users\\mackendy\\src\\crater\\work\\local\\cargo-home\\bin\\cargo.exe" "+nightly" "read-manifest" "--manifest-path" "Cargo.toml"`
[INFO] started frobbing readonly-0.1.4
[INFO] finished frobbing readonly-0.1.4
[INFO] frobbed toml for readonly-0.1.4 written to work\ex\default\sources\nightly\reg\readonly\0.1.4\Cargo.toml
[INFO] started frobbing readonly-0.1.4
[INFO] finished frobbing readonly-0.1.4
[INFO] frobbed toml for readonly-0.1.4 written to work\ex\default\sources\nightly+rustflags=-Zverbose\reg\readonly\0.1.4\Cargo.toml
[INFO] running `"C:\\Users\\mackendy\\src\\crater\\work\\local\\cargo-home\\bin\\cargo.exe" "+nightly" "generate-lockfile" "--manifest-path" "Cargo.toml" "-Zno-index-update"`
[INFO] running `"C:\\Users\\mackendy\\src\\crater\\work\\local\\cargo-home\\bin\\cargo.exe" "+nightly" "generate-lockfile" "--manifest-path" "Cargo.toml" "-Zno-index-update"`
[INFO] running `"C:\\Users\\mackendy\\src\\crater\\work\\local\\cargo-home\\bin\\cargo.exe" "+nightly" "fetch" "--locked" "--manifest-path" "Cargo.toml"`
[INFO] [stderr]  Downloading crates ...
[INFO] [stderr]   Downloaded trybuild v1.0.9
[INFO] running `"C:\\Users\\mackendy\\src\\crater\\work\\local\\cargo-home\\bin\\cargo.exe" "+nightly" "fetch" "--locked" "--manifest-path" "Cargo.toml"`
[INFO] testing readonly-0.1.4 against nightly for default
[INFO] running `"docker" "create" "--mount" "type=bind,src=C:\\Users\\mackendy\\src\\crater\\work\\local\\target-dirs\\default\\worker-2\\nightly,dst=C:\\crater\\target" "--mount" "type=bind,src=C:\\Users\\mackendy\\src\\crater\\work\\ex\\default\\sources\\nightly\\reg\\readonly\\0.1.4,dst=C:\\crater\\workdir,readonly" "--mount" "type=bind,src=C:\\Users\\mackendy\\src\\crater\\work\\local\\cargo-home,dst=C:\\crater\\cargo-home,readonly" "--mount" "type=bind,src=C:\\Users\\mackendy\\src\\crater\\work\\local\\rustup-home,dst=C:\\crater\\rustup-home,readonly" "-e" "SOURCE_DIR=C:\\crater\\workdir" "-e" "CARGO_TARGET_DIR=C:\\crater\\target" "-e" "CARGO_INCREMENTAL=0" "-e" "RUST_BACKTRACE=full" "-e" "RUSTFLAGS=--cap-lints=allow" "-e" "CARGO_HOME=C:\\crater\\cargo-home" "-e" "RUSTUP_HOME=C:\\crater\\rustup-home" "-w" "C:\\crater\\workdir" "-m" "1536M" "--network" "none" "--isolation=process" "crates-build-env-windows" "C:\\crater\\cargo-home\\bin\\cargo" "+nightly" "build" "--frozen"`
[INFO] [stdout] c822be10230df503645a89390bf27a3582b8e56f3c85be61ae6ccfafbf849847
[INFO] running `"docker" "start" "-a" "c822be10230df503645a89390bf27a3582b8e56f3c85be61ae6ccfafbf849847"`
[INFO] [stderr]    Compiling syn v0.15.40
[INFO] [stderr]    Compiling readonly v0.1.4 (C:\crater\workdir)
[INFO] [stderr]     Finished dev [unoptimized + debuginfo] target(s) in 28.09s
[INFO] running `"docker" "inspect" "c822be10230df503645a89390bf27a3582b8e56f3c85be61ae6ccfafbf849847"`
[INFO] running `"docker" "rm" "-f" "c822be10230df503645a89390bf27a3582b8e56f3c85be61ae6ccfafbf849847"`
[INFO] [stdout] c822be10230df503645a89390bf27a3582b8e56f3c85be61ae6ccfafbf849847
[INFO] running `"docker" "create" "--mount" "type=bind,src=C:\\Users\\mackendy\\src\\crater\\work\\local\\target-dirs\\default\\worker-2\\nightly,dst=C:\\crater\\target" "--mount" "type=bind,src=C:\\Users\\mackendy\\src\\crater\\work\\ex\\default\\sources\\nightly\\reg\\readonly\\0.1.4,dst=C:\\crater\\workdir,readonly" "--mount" "type=bind,src=C:\\Users\\mackendy\\src\\crater\\work\\local\\cargo-home,dst=C:\\crater\\cargo-home,readonly" "--mount" "type=bind,src=C:\\Users\\mackendy\\src\\crater\\work\\local\\rustup-home,dst=C:\\crater\\rustup-home,readonly" "-e" "SOURCE_DIR=C:\\crater\\workdir" "-e" "CARGO_TARGET_DIR=C:\\crater\\target" "-e" "CARGO_INCREMENTAL=0" "-e" "RUST_BACKTRACE=full" "-e" "RUSTFLAGS=--cap-lints=allow" "-e" "CARGO_HOME=C:\\crater\\cargo-home" "-e" "RUSTUP_HOME=C:\\crater\\rustup-home" "-w" "C:\\crater\\workdir" "-m" "1536M" "--network" "none" "--isolation=process" "crates-build-env-windows" "C:\\crater\\cargo-home\\bin\\cargo" "+nightly" "test" "--frozen" "--no-run"`
[INFO] [stdout] 3e9f5c359e00834747e4f5f5a6a3dd0dfb43373b704782d4d1fd4e91c8f37df7
[INFO] running `"docker" "start" "-a" "3e9f5c359e00834747e4f5f5a6a3dd0dfb43373b704782d4d1fd4e91c8f37df7"`
[INFO] [stderr]    Compiling winapi v0.3.7
[INFO] [stderr]    Compiling serde v1.0.97
[INFO] [stderr]    Compiling serde_derive v1.0.97
[INFO] [stderr]    Compiling winapi-util v0.1.2
[INFO] [stderr]    Compiling wincolor v1.0.1
[INFO] [stderr]    Compiling termcolor v1.0.5
[INFO] [stderr]    Compiling serde_json v1.0.40
[INFO] [stderr]    Compiling toml v0.5.1
[INFO] [stderr]    Compiling trybuild v1.0.9
[INFO] [stderr]    Compiling readonly v0.1.4 (C:\crater\workdir)
[INFO] [stderr]     Finished dev [unoptimized + debuginfo] target(s) in 1m 28s
[INFO] running `"docker" "inspect" "3e9f5c359e00834747e4f5f5a6a3dd0dfb43373b704782d4d1fd4e91c8f37df7"`
[INFO] running `"docker" "rm" "-f" "3e9f5c359e00834747e4f5f5a6a3dd0dfb43373b704782d4d1fd4e91c8f37df7"`
[INFO] [stdout] 3e9f5c359e00834747e4f5f5a6a3dd0dfb43373b704782d4d1fd4e91c8f37df7
[INFO] running `"docker" "create" "--mount" "type=bind,src=C:\\Users\\mackendy\\src\\crater\\work\\local\\target-dirs\\default\\worker-2\\nightly,dst=C:\\crater\\target" "--mount" "type=bind,src=C:\\Users\\mackendy\\src\\crater\\work\\ex\\default\\sources\\nightly\\reg\\readonly\\0.1.4,dst=C:\\crater\\workdir,readonly" "--mount" "type=bind,src=C:\\Users\\mackendy\\src\\crater\\work\\local\\cargo-home,dst=C:\\crater\\cargo-home,readonly" "--mount" "type=bind,src=C:\\Users\\mackendy\\src\\crater\\work\\local\\rustup-home,dst=C:\\crater\\rustup-home,readonly" "-e" "SOURCE_DIR=C:\\crater\\workdir" "-e" "CARGO_TARGET_DIR=C:\\crater\\target" "-e" "CARGO_INCREMENTAL=0" "-e" "RUST_BACKTRACE=full" "-e" "RUSTFLAGS=--cap-lints=allow" "-e" "CARGO_HOME=C:\\crater\\cargo-home" "-e" "RUSTUP_HOME=C:\\crater\\rustup-home" "-w" "C:\\crater\\workdir" "-m" "1536M" "--network" "none" "--isolation=process" "crates-build-env-windows" "C:\\crater\\cargo-home\\bin\\cargo" "+nightly" "test" "--frozen"`
[INFO] [stdout] eb9d854857560c3665ba979a30ff197c465572e751cd103f0afe94e0da2040ec
[INFO] running `"docker" "start" "-a" "eb9d854857560c3665ba979a30ff197c465572e751cd103f0afe94e0da2040ec"`
[INFO] [stderr]     Finished dev [unoptimized + debuginfo] target(s) in 0.44s
[INFO] [stderr]      Running C:\crater\target\debug\deps\readonly-0d983aeff50246a0.exe
[INFO] [stdout] 
[INFO] [stdout] running 0 tests
[INFO] [stdout] 
[INFO] [stdout] test result: ok. 0 passed; 0 failed; 0 ignored; 0 measured; 0 filtered out
[INFO] [stdout] 
[INFO] [stdout] 
[INFO] [stderr]      Running C:\crater\target\debug\deps\compiletest-635787f809fb17ad.exe
[INFO] [stdout] running 1 test
[INFO] [stderr]     Updating crates.io index
[INFO] [stderr] warning: spurious network error (2 tries remaining): failed to send request: The server name or address could not be resolved
[INFO] [stderr] ; class=Os (2)
[INFO] [stderr] warning: spurious network error (1 tries remaining): failed to send request: The server name or address could not be resolved
[INFO] [stderr] ; class=Os (2)
[INFO] [stderr] error: failed to load source for a dependency on `proc-macro2`
[INFO] [stderr] 
[INFO] [stderr] Caused by:
[INFO] [stderr]   Unable to update registry `https://github.com/rust-lang/crates.io-index`
[INFO] [stderr] 
[INFO] [stderr] Caused by:
[INFO] [stderr]   failed to fetch `https://github.com/rust-lang/crates.io-index`
[INFO] [stderr] 
[INFO] [stderr] Caused by:
[INFO] [stderr]   failed to send request: The server name or address could not be resolved
[INFO] [stderr] ; class=Os (2)
[INFO] [stdout] test ui ... FAILED
[INFO] [stdout] 
[INFO] [stdout] failures:
[INFO] [stdout] 
[INFO] [stdout] ---- ui stdout ----
[INFO] [stdout] thread 'ui' panicked at 'tests failed', C:\crater\cargo-home\registry\src\github.com-1ecc6299db9ec823\trybuild-1.0.9\src\run.rs:37:13
[INFO] [stdout] stack backtrace:
[INFO] [stdout]    0:     0x7ff70ccbc90c - backtrace::backtrace::trace_unsynchronized
[INFO] [stdout]                                at C:\Program Files\Rust\.cargo\registry\src\github.com-1ecc6299db9ec823\backtrace-0.3.29\src\backtrace\mod.rs:66
[INFO] [stdout]    1:     0x7ff70ccbc90c - std::sys_common::backtrace::_print
[INFO] [stdout]                                at /rustc/273f42b5964c29dda2c5a349dd4655529767b07f\/src\libstd\sys_common\backtrace.rs:47
[INFO] [stdout]    2:     0x7ff70ccbfe8e - std::sys_common::backtrace::print
[INFO] [stdout]                                at /rustc/273f42b5964c29dda2c5a349dd4655529767b07f\/src\libstd\sys_common\backtrace.rs:36
[INFO] [stdout]    3:     0x7ff70ccbfe8e - std::panicking::default_hook::{{closure}}
[INFO] [stdout]                                at /rustc/273f42b5964c29dda2c5a349dd4655529767b07f\/src\libstd\panicking.rs:200
[INFO] [stdout]    4:     0x7ff70ccbfa9d - std::panicking::default_hook
[INFO] [stdout]                                at /rustc/273f42b5964c29dda2c5a349dd4655529767b07f\/src\libstd\panicking.rs:211
[INFO] [stdout]    5:     0x7ff70ccc0720 - std::panicking::rust_panic_with_hook
[INFO] [stdout]                                at /rustc/273f42b5964c29dda2c5a349dd4655529767b07f\/src\libstd\panicking.rs:477
[INFO] [stdout]    6:     0x7ff70cbc0361 - std::panicking::begin_panic<str*>
[INFO] [stdout]                                at /rustc/273f42b5964c29dda2c5a349dd4655529767b07f\src\libstd\panicking.rs:411
[INFO] [stdout]    7:     0x7ff70cac4aa6 - trybuild::run::{{impl}}::run::{{closure}}
[INFO] [stdout]                                at C:\crater\cargo-home\registry\src\github.com-1ecc6299db9ec823\trybuild-1.0.9\src\run.rs:37
[INFO] [stdout]    8:     0x7ff70ca79c97 - core::result::Result<trybuild::run::Project, trybuild::error::Error>::unwrap_or_else<trybuild::run::Project,trybuild::error::Error,closure>
[INFO] [stdout]                                at /rustc/273f42b5964c29dda2c5a349dd4655529767b07f\src\libcore\result.rs:818
[INFO] [stdout]    9:     0x7ff70caafc1b - trybuild::Runner::run
[INFO] [stdout]                                at C:\crater\cargo-home\registry\src\github.com-1ecc6299db9ec823\trybuild-1.0.9\src\run.rs:35
[INFO] [stdout]   10:     0x7ff70cab494c - trybuild::{{impl}}::drop
[INFO] [stdout]                                at C:\crater\cargo-home\registry\src\github.com-1ecc6299db9ec823\trybuild-1.0.9\src\lib.rs:273
[INFO] [stdout]   11:     0x7ff70ca722ff - core::ptr::real_drop_in_place<trybuild::TestCases>
[INFO] [stdout]                                at /rustc/273f42b5964c29dda2c5a349dd4655529767b07f\src\libcore\ptr\mod.rs:175
[INFO] [stdout]   12:     0x7ff70ca732cd - compiletest::ui
[INFO] [stdout]                                at C:\crater\workdir\tests\compiletest.rs:9
[INFO] [stdout]   13:     0x7ff70ca7325e - compiletest::ui::{{closure}}
[INFO] [stdout]                                at C:\crater\workdir\tests\compiletest.rs:2
[INFO] [stdout]   14:     0x7ff70ca7222b - core::ops::function::FnOnce::call_once<closure,()>
[INFO] [stdout]                                at /rustc/273f42b5964c29dda2c5a349dd4655529767b07f\src\libcore\ops\function.rs:231
[INFO] [stdout]   15:     0x7ff70cc6f597 - alloc::boxed::{{impl}}::call_once<(),FnOnce<()>>
[INFO] [stdout]                                at /rustc/273f42b5964c29dda2c5a349dd4655529767b07f\src\liballoc\boxed.rs:766
[INFO] [stdout]   16:     0x7ff70cccae82 - panic_unwind::__rust_maybe_catch_panic
[INFO] [stdout]                                at /rustc/273f42b5964c29dda2c5a349dd4655529767b07f\/src\libpanic_unwind\lib.rs:82
[INFO] [stdout]   17:     0x7ff70cc8eb58 - std::panicking::try
[INFO] [stdout]                                at /rustc/273f42b5964c29dda2c5a349dd4655529767b07f\src\libstd\panicking.rs:275
[INFO] [stdout]   18:     0x7ff70cc8eb58 - std::panic::catch_unwind
[INFO] [stdout]                                at /rustc/273f42b5964c29dda2c5a349dd4655529767b07f\src\libstd\panic.rs:394
[INFO] [stdout]   19:     0x7ff70cc8eb58 - test::run_test::run_test_inner::{{closure}}
[INFO] [stdout]                                at /rustc/273f42b5964c29dda2c5a349dd4655529767b07f\/src\libtest\lib.rs:1472
[INFO] [stdout]   20:     0x7ff70cc6144e - std::sys_common::backtrace::__rust_begin_short_backtrace<closure,()>
[INFO] [stdout]                                at /rustc/273f42b5964c29dda2c5a349dd4655529767b07f\src\libstd\sys_common\backtrace.rs:77
[INFO] [stdout]   21:     0x7ff70cc675ee - std::thread::{{impl}}::spawn_unchecked::{{closure}}::{{closure}}
[INFO] [stdout]                                at /rustc/273f42b5964c29dda2c5a349dd4655529767b07f\src\libstd\thread\mod.rs:470
[INFO] [stdout]   22:     0x7ff70cc675ee - std::panic::{{impl}}::call_once
[INFO] [stdout]                                at /rustc/273f42b5964c29dda2c5a349dd4655529767b07f\src\libstd\panic.rs:315
[INFO] [stdout]   23:     0x7ff70cc675ee - std::panicking::try::do_call<std::panic::AssertUnwindSafe<closure>,()>
[INFO] [stdout]                                at /rustc/273f42b5964c29dda2c5a349dd4655529767b07f\src\libstd\panicking.rs:296
[INFO] [stdout]   24:     0x7ff70cccae82 - panic_unwind::__rust_maybe_catch_panic
[INFO] [stdout]                                at /rustc/273f42b5964c29dda2c5a349dd4655529767b07f\/src\libpanic_unwind\lib.rs:82
[INFO] [stdout]   25:     0x7ff70cc67c90 - std::panicking::try
[INFO] [stdout]                                at /rustc/273f42b5964c29dda2c5a349dd4655529767b07f\src\libstd\panicking.rs:275
[INFO] [stdout]   26:     0x7ff70cc67c90 - std::panic::catch_unwind
[INFO] [stdout]                                at /rustc/273f42b5964c29dda2c5a349dd4655529767b07f\src\libstd\panic.rs:394
[INFO] [stdout]   27:     0x7ff70cc67c90 - std::thread::{{impl}}::spawn_unchecked::{{closure}}
[INFO] [stdout]                                at /rustc/273f42b5964c29dda2c5a349dd4655529767b07f\src\libstd\thread\mod.rs:469
[INFO] [stdout]   28:     0x7ff70cc67c90 - core::ops::function::FnOnce::call_once<closure,()>
[INFO] [stdout]                                at /rustc/273f42b5964c29dda2c5a349dd4655529767b07f\src\libcore\ops\function.rs:231
[INFO] [stdout]   29:     0x7ff70ccad727 - alloc::boxed::{{impl}}::call_once<(),FnOnce<()>>
[INFO] [stdout]                                at /rustc/273f42b5964c29dda2c5a349dd4655529767b07f\src\liballoc\boxed.rs:766
[INFO] [stdout]   30:     0x7ff70ccc9b06 - alloc::boxed::{{impl}}::call_once
[INFO] [stdout]                                at /rustc/273f42b5964c29dda2c5a349dd4655529767b07f\src\liballoc\boxed.rs:766
[INFO] [stdout]   31:     0x7ff70ccc9b06 - std::sys_common::thread::start_thread
[INFO] [stdout]                                at /rustc/273f42b5964c29dda2c5a349dd4655529767b07f\/src\libstd\sys_common\thread.rs:13
[INFO] [stdout]   32:     0x7ff70ccc9b06 - std::sys::windows::thread::{{impl}}::new::thread_start
[INFO] [stdout]                                at /rustc/273f42b5964c29dda2c5a349dd4655529767b07f\/src\libstd\sys\windows\thread.rs:47
[INFO] [stdout]   33:     0x7ff98aa87974 - BaseThreadInitThunk
[INFO] [stdout]   34:     0x7ff9d33ea271 - RtlUserThreadStart
[INFO] [stdout] 
[INFO] [stdout] 
[INFO] [stdout] failures:
[INFO] [stdout]     ui
[INFO] [stdout] 
[INFO] [stderr] error: test failed, to rerun pass '--test compiletest'
[INFO] [stdout] test result: FAILED. 0 passed; 1 failed; 0 ignored; 0 measured; 0 filtered out
[INFO] [stdout] 
[INFO] running `"docker" "inspect" "eb9d854857560c3665ba979a30ff197c465572e751cd103f0afe94e0da2040ec"`
[INFO] running `"docker" "rm" "-f" "eb9d854857560c3665ba979a30ff197c465572e751cd103f0afe94e0da2040ec"`
[INFO] [stdout] eb9d854857560c3665ba979a30ff197c465572e751cd103f0afe94e0da2040ec
