[INFO] crate nix 0.13.1 is already in cache
[INFO] extracting crate nix 0.13.1 into work\ex\default\sources\nightly\reg\nix\0.13.1
[INFO] extracting crate nix 0.13.1 into work\ex\default\sources\nightly+rustflags=-Zverbose\reg\nix\0.13.1
[INFO] validating manifest of nix-0.13.1 on toolchain nightly
[INFO] running `"C:\\Users\\mackendy\\src\\crater\\work\\local\\cargo-home\\bin\\cargo.exe" "+nightly" "read-manifest" "--manifest-path" "Cargo.toml"`
[INFO] validating manifest of nix-0.13.1 on toolchain nightly+rustflags=-Zverbose
[INFO] running `"C:\\Users\\mackendy\\src\\crater\\work\\local\\cargo-home\\bin\\cargo.exe" "+nightly" "read-manifest" "--manifest-path" "Cargo.toml"`
[INFO] started frobbing nix-0.13.1
[INFO] removed 0 missing tests
[INFO] finished frobbing nix-0.13.1
[INFO] frobbed toml for nix-0.13.1 written to work\ex\default\sources\nightly\reg\nix\0.13.1\Cargo.toml
[INFO] started frobbing nix-0.13.1
[INFO] removed 0 missing tests
[INFO] finished frobbing nix-0.13.1
[INFO] frobbed toml for nix-0.13.1 written to work\ex\default\sources\nightly+rustflags=-Zverbose\reg\nix\0.13.1\Cargo.toml
[INFO] running `"C:\\Users\\mackendy\\src\\crater\\work\\local\\cargo-home\\bin\\cargo.exe" "+nightly" "generate-lockfile" "--manifest-path" "Cargo.toml" "-Zno-index-update"`
[INFO] running `"C:\\Users\\mackendy\\src\\crater\\work\\local\\cargo-home\\bin\\cargo.exe" "+nightly" "generate-lockfile" "--manifest-path" "Cargo.toml" "-Zno-index-update"`
[INFO] running `"C:\\Users\\mackendy\\src\\crater\\work\\local\\cargo-home\\bin\\cargo.exe" "+nightly" "fetch" "--locked" "--manifest-path" "Cargo.toml"`
[INFO] running `"C:\\Users\\mackendy\\src\\crater\\work\\local\\cargo-home\\bin\\cargo.exe" "+nightly" "fetch" "--locked" "--manifest-path" "Cargo.toml"`
[INFO] testing nix-0.13.1 against nightly+rustflags=-Zverbose for default
[INFO] running `"docker" "create" "--mount" "type=bind,src=C:\\Users\\mackendy\\src\\crater\\work\\local\\target-dirs\\default\\worker-0\\nightly+rustflags=-Zverbose,dst=C:\\crater\\target" "--mount" "type=bind,src=C:\\Users\\mackendy\\src\\crater\\work\\ex\\default\\sources\\nightly+rustflags=-Zverbose\\reg\\nix\\0.13.1,dst=C:\\crater\\workdir,readonly" "--mount" "type=bind,src=C:\\Users\\mackendy\\src\\crater\\work\\local\\cargo-home,dst=C:\\crater\\cargo-home,readonly" "--mount" "type=bind,src=C:\\Users\\mackendy\\src\\crater\\work\\local\\rustup-home,dst=C:\\crater\\rustup-home,readonly" "-e" "SOURCE_DIR=C:\\crater\\workdir" "-e" "CARGO_TARGET_DIR=C:\\crater\\target" "-e" "CARGO_INCREMENTAL=0" "-e" "RUST_BACKTRACE=full" "-e" "RUSTFLAGS=--cap-lints=allow -Zverbose" "-e" "CARGO_HOME=C:\\crater\\cargo-home" "-e" "RUSTUP_HOME=C:\\crater\\rustup-home" "-w" "C:\\crater\\workdir" "-m" "1536M" "--network" "none" "--isolation=process" "crates-build-env-windows" "C:\\crater\\cargo-home\\bin\\cargo" "+nightly" "build" "--frozen"`
[INFO] [stdout] 30f102c132de9212dbe14dafc25935e1cfdefe191caa63b3417f4f03137fd588
[INFO] running `"docker" "start" "-a" "30f102c132de9212dbe14dafc25935e1cfdefe191caa63b3417f4f03137fd588"`
[INFO] [stderr]    Compiling nix v0.13.1 (C:\crater\workdir)
[INFO] [stderr]    Compiling void v1.0.2
[INFO] [stderr]     Finished dev [unoptimized + debuginfo] target(s) in 3.61s
[INFO] running `"docker" "inspect" "30f102c132de9212dbe14dafc25935e1cfdefe191caa63b3417f4f03137fd588"`
[INFO] running `"docker" "rm" "-f" "30f102c132de9212dbe14dafc25935e1cfdefe191caa63b3417f4f03137fd588"`
[INFO] [stdout] 30f102c132de9212dbe14dafc25935e1cfdefe191caa63b3417f4f03137fd588
[INFO] running `"docker" "create" "--mount" "type=bind,src=C:\\Users\\mackendy\\src\\crater\\work\\local\\target-dirs\\default\\worker-0\\nightly+rustflags=-Zverbose,dst=C:\\crater\\target" "--mount" "type=bind,src=C:\\Users\\mackendy\\src\\crater\\work\\ex\\default\\sources\\nightly+rustflags=-Zverbose\\reg\\nix\\0.13.1,dst=C:\\crater\\workdir,readonly" "--mount" "type=bind,src=C:\\Users\\mackendy\\src\\crater\\work\\local\\cargo-home,dst=C:\\crater\\cargo-home,readonly" "--mount" "type=bind,src=C:\\Users\\mackendy\\src\\crater\\work\\local\\rustup-home,dst=C:\\crater\\rustup-home,readonly" "-e" "SOURCE_DIR=C:\\crater\\workdir" "-e" "CARGO_TARGET_DIR=C:\\crater\\target" "-e" "CARGO_INCREMENTAL=0" "-e" "RUST_BACKTRACE=full" "-e" "RUSTFLAGS=--cap-lints=allow -Zverbose" "-e" "CARGO_HOME=C:\\crater\\cargo-home" "-e" "RUSTUP_HOME=C:\\crater\\rustup-home" "-w" "C:\\crater\\workdir" "-m" "1536M" "--network" "none" "--isolation=process" "crates-build-env-windows" "C:\\crater\\cargo-home\\bin\\cargo" "+nightly" "test" "--frozen" "--no-run"`
[INFO] [stdout] 674cb5bca37308e7329c58eb611cc0643e56b39825af518281e81574435c9351
[INFO] running `"docker" "start" "-a" "674cb5bca37308e7329c58eb611cc0643e56b39825af518281e81574435c9351"`
[INFO] [stderr]    Compiling winapi v0.3.7
[INFO] [stderr]    Compiling remove_dir_all v0.5.2
[INFO] [stderr]    Compiling rand v0.5.6
[INFO] [stderr]    Compiling tempfile v3.1.0
[INFO] [stderr]    Compiling nix v0.13.1 (C:\crater\workdir)
[INFO] [stderr] error[E0432]: unresolved import `nix::fcntl`
[INFO] [stderr]  --> test/test_ptymaster_drop.rs:3:10
[INFO] [stderr]   |
[INFO] [stderr] 3 | use nix::fcntl::OFlag;
[INFO] [stderr]   |          ^^^^^ could not find `fcntl` in `nix`
[INFO] [stderr] 
[INFO] [stderr] error[E0432]: unresolved import `nix::pty`
[INFO] [stderr]  --> test/test_ptymaster_drop.rs:4:10
[INFO] [stderr]   |
[INFO] [stderr] 4 | use nix::pty::*;
[INFO] [stderr]   |          ^^^ could not find `pty` in `nix`
[INFO] [stderr] 
[INFO] [stderr] error[E0433]: failed to resolve: could not find `unix` in `os`
[INFO] [stderr]  --> test/test_ptymaster_drop.rs:6:14
[INFO] [stderr]   |
[INFO] [stderr] 6 | use std::os::unix::io::AsRawFd;
[INFO] [stderr]   |              ^^^^ could not find `unix` in `os`
[INFO] [stderr] 
[INFO] [stderr] error[E0432]: unresolved import `nix::unistd`
[INFO] [stderr]  --> test/test_ptymaster_drop.rs:5:10
[INFO] [stderr]   |
[INFO] [stderr] 5 | use nix::unistd::close;
[INFO] [stderr]   |          ^^^^^^ could not find `unistd` in `nix`
[INFO] [stderr] 
[INFO] [stderr] error[E0425]: cannot find function `posix_openpt` in this scope
[INFO] [stderr]   --> test/test_ptymaster_drop.rs:18:13
[INFO] [stderr]    |
[INFO] [stderr] 18 |     let m = posix_openpt(OFlag::O_RDWR).unwrap();
[INFO] [stderr]    |             ^^^^^^^^^^^^ not found in this scope
[INFO] [stderr] 
[INFO] [stderr] error: aborting due to 5 previous errors
[INFO] [stderr] 
[INFO] [stderr] Some errors have detailed explanations: E0425, E0432, E0433.
[INFO] [stderr] For more information about an error, try `rustc --explain E0425`.
[INFO] [stderr] error: Could not compile `nix`.
[INFO] [stderr] warning: build failed, waiting for other jobs to finish...
[INFO] [stderr] error: build failed
[INFO] running `"docker" "inspect" "674cb5bca37308e7329c58eb611cc0643e56b39825af518281e81574435c9351"`
[INFO] running `"docker" "rm" "-f" "674cb5bca37308e7329c58eb611cc0643e56b39825af518281e81574435c9351"`
[INFO] [stdout] 674cb5bca37308e7329c58eb611cc0643e56b39825af518281e81574435c9351
