[INFO] cloning repository planet0104/mengine
[INFO] running `"git" "clone" "--bare" "git://github.com/planet0104/mengine.git" "work\\cache\\sources\\gh\\planet0104\\mengine"`
[INFO] [stderr] Cloning into bare repository 'work\cache\sources\gh\planet0104\mengine'...
[INFO] running `"git" "clone" "work\\cache\\sources\\gh\\planet0104\\mengine" "work\\ex\\default\\sources\\stable\\gh\\planet0104\\mengine"`
[INFO] [stderr] Cloning into 'work\ex\default\sources\stable\gh\planet0104\mengine'...
[INFO] [stderr] done.
[INFO] running `"git" "clone" "work\\cache\\sources\\gh\\planet0104\\mengine" "work\\ex\\default\\sources\\beta\\gh\\planet0104\\mengine"`
[INFO] [stderr] Cloning into 'work\ex\default\sources\beta\gh\planet0104\mengine'...
[INFO] [stderr] done.
[INFO] running `"git" "rev-parse" "HEAD"`
[INFO] [stdout] 0dfdf5a2118d5286f7183372d7df46e4e45e5eeb
[INFO] sha for GitHub repo planet0104/mengine: 0dfdf5a2118d5286f7183372d7df46e4e45e5eeb
[INFO] validating manifest of planet0104/mengine on toolchain stable
[INFO] running `"C:\\Users\\mackendy\\src\\crater\\work\\local\\cargo-home\\bin\\cargo.exe" "+stable" "read-manifest" "--manifest-path" "Cargo.toml"`
[INFO] validating manifest of planet0104/mengine on toolchain beta
[INFO] running `"C:\\Users\\mackendy\\src\\crater\\work\\local\\cargo-home\\bin\\cargo.exe" "+beta" "read-manifest" "--manifest-path" "Cargo.toml"`
[INFO] started frobbing planet0104/mengine
[INFO] finished frobbing planet0104/mengine
[INFO] frobbed toml for planet0104/mengine written to work\ex\default\sources\stable\gh\planet0104\mengine\Cargo.toml
[INFO] started frobbing planet0104/mengine
[INFO] finished frobbing planet0104/mengine
[INFO] frobbed toml for planet0104/mengine written to work\ex\default\sources\beta\gh\planet0104\mengine\Cargo.toml
[INFO] crate planet0104/mengine already has a lockfile, it will not be regenerated
[INFO] running `"C:\\Users\\mackendy\\src\\crater\\work\\local\\cargo-home\\bin\\cargo.exe" "+stable" "fetch" "--locked" "--manifest-path" "Cargo.toml"`
[INFO] [stderr]  Downloading crates ...
[INFO] [stderr]   Downloaded winit v0.19.1
[INFO] [stderr]   Downloaded nix v0.13.0
[INFO] [stderr]   Downloaded memmap v0.7.0
[INFO] [stderr]   Downloaded xdg v2.2.0
[INFO] [stderr]   Downloaded ordered-float v1.0.2
[INFO] [stderr]   Downloaded smallvec v0.6.9
[INFO] [stderr]   Downloaded tiff v0.2.2
[INFO] [stderr]   Downloaded png v0.14.1
[INFO] [stderr]   Downloaded num-rational v0.2.1
[INFO] [stderr]   Downloaded core-graphics v0.17.3
[INFO] [stderr]   Downloaded core-foundation-sys v0.6.2
[INFO] [stderr]   Downloaded smithay-client-toolkit v0.4.5
[INFO] [stderr]   Downloaded wasm-bindgen-macro v0.2.45
[INFO] [stderr]   Downloaded gif v0.10.1
[INFO] [stderr]   Downloaded stdweb-internal-runtime v0.1.4
[INFO] [stderr]   Downloaded stdweb-internal-macros v0.2.7
[INFO] [stderr]   Downloaded discard v1.0.4
[INFO] [stderr]   Downloaded minimp3-sys v0.3.1
[INFO] [stderr]   Downloaded dxgi v0.3.0-alpha4
[INFO] [stderr]   Downloaded humansize v1.1.0
[INFO] [stderr]   Downloaded askama_shared v0.8.0
[INFO] [stderr]   Downloaded quote v0.6.12
[INFO] [stderr]   Downloaded xml-rs v0.8.0
[INFO] [stderr]   Downloaded wayland-commons v0.21.12
[INFO] [stderr]   Downloaded downcast-rs v1.0.4
[INFO] [stderr]   Downloaded wayland-protocols v0.21.12
[INFO] [stderr]   Downloaded stb_truetype v0.2.6
[INFO] [stderr]   Downloaded objc v0.2.6
[INFO] [stderr]   Downloaded num-derive v0.2.5
[INFO] [stderr]   Downloaded approx v0.3.2
[INFO] [stderr]   Downloaded syn v0.15.34
[INFO] [stderr]   Downloaded rusttype v0.7.6
[INFO] [stderr]   Downloaded backtrace v0.3.26
[INFO] [stderr]   Downloaded wasm-bindgen-macro-support v0.2.45
[INFO] [stderr]   Downloaded image v0.21.1
[INFO] [stderr]   Downloaded wasm-bindgen-backend v0.2.45
[INFO] [stderr]   Downloaded ryu v0.2.8
[INFO] [stderr]   Downloaded serde_derive v1.0.91
[INFO] [stderr]   Downloaded serde v1.0.91
[INFO] [stderr]   Downloaded serde_json v1.0.39
[INFO] [stderr]   Downloaded mach v0.2.3
[INFO] [stderr]   Downloaded rodio v0.8.1
[INFO] [stderr]   Downloaded slice-deque v0.2.4
[INFO] [stderr]   Downloaded ogg v0.7.0
[INFO] [stderr]   Downloaded lewton v0.9.4
[INFO] [stderr]   Downloaded hound v3.4.0
[INFO] [stderr]   Downloaded stdweb v0.1.3
[INFO] [stderr]   Downloaded coreaudio-sys v0.2.2
[INFO] [stderr]   Downloaded coreaudio-rs v0.9.1
[INFO] [stderr]   Downloaded aho-corasick v0.6.10
[INFO] [stderr]   Downloaded which v1.0.5
[INFO] [stderr]   Downloaded proc-macro2 v0.2.3
[INFO] [stderr]   Downloaded bindgen v0.32.3
[INFO] [stderr]   Downloaded env_logger v0.4.3
[INFO] [stderr]   Downloaded redox_syscall v0.1.54
[INFO] [stderr]   Downloaded numtoa v0.1.0
[INFO] [stderr]   Downloaded termion v1.5.2
[INFO] [stderr]   Downloaded clang-sys v0.21.2
[INFO] [stderr]   Downloaded cexpr v0.2.3
[INFO] [stderr]   Downloaded libloading v0.4.3
[INFO] [stderr]   Downloaded quote v0.4.2
[INFO] [stderr]   Downloaded alsa-sys v0.1.2
[INFO] [stderr]   Downloaded claxon v0.3.3
[INFO] [stderr]   Downloaded rand v0.3.23
[INFO] [stderr]   Downloaded approx v0.1.1
[INFO] [stderr]   Downloaded cgmath v0.14.1
[INFO] [stderr]   Downloaded math2d v0.2.0-alpha8
[INFO] [stderr]   Downloaded nsvg v0.5.0
[INFO] [stderr]   Downloaded wio v0.2.2
[INFO] [stderr]   Downloaded derive-com-wrapper v0.1.0
[INFO] [stderr]   Downloaded dcommon v0.3.0-alpha1
[INFO] [stderr]   Downloaded com-impl v0.1.1
[INFO] [stderr]   Downloaded com-wrapper v0.1.0
[INFO] [stderr]   Downloaded checked-enum v0.1.1-alpha1
[INFO] [stderr]   Downloaded auto-enum v0.2.0-alpha1
[INFO] [stderr]   Downloaded direct2d v0.3.0-alpha1
[INFO] [stderr]   Downloaded askama v0.8.0
[INFO] [stderr]   Downloaded direct3d11 v0.3.0-alpha2
[INFO] [stderr]   Downloaded directwrite v0.3.0-alpha4
[INFO] [stderr]   Downloaded askama_escape v0.2.0
[INFO] [stderr]   Downloaded wayland-sys v0.21.12
[INFO] [stderr]   Downloaded wayland-client v0.21.12
[INFO] [stderr]   Downloaded wayland-scanner v0.21.12
[INFO] [stderr]   Downloaded line_drawing v0.7.0
[INFO] [stderr]   Downloaded inflate v0.4.5
[INFO] [stderr]   Downloaded num_cpus v1.10.0
[INFO] [stderr]   Downloaded core-foundation v0.6.4
[INFO] [stderr]   Downloaded andrew v0.2.1
[INFO] [stderr]   Downloaded cocoa v0.18.4
[INFO] [stderr]   Downloaded deflate v0.7.19
[INFO] [stderr]   Downloaded wasm-bindgen-shared v0.2.45
[INFO] [stderr]   Downloaded wasm-bindgen v0.2.45
[INFO] [stderr]   Downloaded bumpalo v2.4.3
[INFO] [stderr]   Downloaded stdweb v0.4.17
[INFO] [stderr]   Downloaded stdweb-derive v0.5.1
[INFO] [stderr]   Downloaded base-x v0.2.4
[INFO] [stderr]   Downloaded minimp3 v0.3.3
[INFO] [stderr]   Downloaded cpal v0.8.2
[INFO] [stderr]   Downloaded derive-com-impl v0.1.1
[INFO] [stderr]   Downloaded askama_derive v0.8.0
[INFO] running `"C:\\Users\\mackendy\\src\\crater\\work\\local\\cargo-home\\bin\\cargo.exe" "+beta" "fetch" "--locked" "--manifest-path" "Cargo.toml"`
[INFO] testing planet0104/mengine against stable for default
[INFO] running `"docker" "create" "--mount" "type=bind,src=C:\\Users\\mackendy\\src\\crater\\work\\local\\target-dirs\\default\\worker-3\\stable,dst=C:\\crater\\target" "--mount" "type=bind,src=C:\\Users\\mackendy\\src\\crater\\work\\ex\\default\\sources\\stable\\gh\\planet0104\\mengine,dst=C:\\crater\\workdir,readonly" "--mount" "type=bind,src=C:\\Users\\mackendy\\src\\crater\\work\\local\\cargo-home,dst=C:\\crater\\cargo-home,readonly" "--mount" "type=bind,src=C:\\Users\\mackendy\\src\\crater\\work\\local\\rustup-home,dst=C:\\crater\\rustup-home,readonly" "-e" "SOURCE_DIR=C:\\crater\\workdir" "-e" "CARGO_TARGET_DIR=C:\\crater\\target" "-e" "CARGO_INCREMENTAL=0" "-e" "RUST_BACKTRACE=full" "-e" "RUSTFLAGS=--cap-lints=allow" "-e" "CARGO_HOME=C:\\crater\\cargo-home" "-e" "RUSTUP_HOME=C:\\crater\\rustup-home" "-w" "C:\\crater\\workdir" "-m" "1536M" "--network" "none" "--isolation=process" "crates-build-env-windows" "C:\\crater\\cargo-home\\bin\\cargo" "+stable" "build" "--frozen"`
[INFO] [stdout] 18a274de7a646b0b59c10b94973280fafcdeaf5603800171e5b2459fa7ff891a
[INFO] running `"docker" "start" "-a" "18a274de7a646b0b59c10b94973280fafcdeaf5603800171e5b2459fa7ff891a"`
[INFO] [stderr]    Compiling proc-macro2 v0.4.30
[INFO] [stderr]    Compiling arrayvec v0.4.10
[INFO] [stderr]    Compiling autocfg v0.1.4
[INFO] [stderr]    Compiling syn v0.15.34
[INFO] [stderr]    Compiling winapi v0.3.7
[INFO] [stderr]    Compiling libc v0.2.55
[INFO] [stderr]    Compiling cfg-if v0.1.9
[INFO] [stderr]    Compiling lazy_static v1.3.0
[INFO] [stderr]    Compiling rayon-core v1.4.1
[INFO] [stderr]    Compiling byteorder v1.3.1
[INFO] [stderr]    Compiling num-derive v0.2.5
[INFO] [stderr]    Compiling rayon v1.0.3
[INFO] [stderr]    Compiling cc v1.0.37
[INFO] [stderr]    Compiling checked-enum v0.1.1-alpha1
[INFO] [stderr]    Compiling num-rational v0.2.1
[INFO] [stderr]    Compiling either v1.5.2
[INFO] [stderr]    Compiling lzw v0.10.0
[INFO] [stderr]    Compiling color_quant v1.0.1
[INFO] [stderr]    Compiling rand_core v0.4.0
[INFO] [stderr]    Compiling smallvec v0.6.9
[INFO] [stderr]    Compiling scoped_threadpool v0.1.9
[INFO] [stderr]    Compiling rustc-demangle v0.1.14
[INFO] [stderr]    Compiling approx v0.1.1
[INFO] [stderr]    Compiling hound v3.4.0
[INFO] [stderr]    Compiling claxon v0.3.3
[INFO] [stderr]    Compiling num-traits v0.2.8
[INFO] [stderr]    Compiling num-integer v0.1.41
[INFO] [stderr]    Compiling num-iter v0.1.39
[INFO] [stderr]    Compiling backtrace v0.3.26
[INFO] [stderr]    Compiling rand_chacha v0.1.1
[INFO] [stderr]    Compiling rand_pcg v0.1.2
[INFO] [stderr]    Compiling rand v0.6.5
[INFO] [stderr]    Compiling crossbeam-utils v0.2.2
[INFO] [stderr]    Compiling log v0.4.6
[INFO] [stderr]    Compiling inflate v0.4.5
[INFO] [stderr]    Compiling gif v0.10.1
[INFO] [stderr]    Compiling rand_core v0.3.1
[INFO] [stderr]    Compiling minimp3-sys v0.3.1
[INFO] [stderr]    Compiling backtrace-sys v0.1.28
[INFO] [stderr]    Compiling nsvg v0.5.0
[INFO] [stderr]    Compiling rand_xorshift v0.1.1
[INFO] [stderr]    Compiling rand_isaac v0.1.1
[INFO] [stderr]    Compiling rand_hc v0.1.0
[INFO] [stderr]    Compiling num_cpus v1.10.0
[INFO] [stderr]    Compiling crossbeam-epoch v0.3.1
[INFO] [stderr]    Compiling deflate v0.7.19
[INFO] [stderr]    Compiling ogg v0.7.0
[INFO] [stderr]    Compiling quote v0.6.12
[INFO] [stderr]    Compiling num-traits v0.1.43
[INFO] [stderr]    Compiling crossbeam-deque v0.2.0
[INFO] [stderr]    Compiling lewton v0.9.4
[INFO] [stderr]    Compiling num-rational v0.1.42
[INFO] [stderr]    Compiling png v0.14.1
[INFO] [stderr]    Compiling png v0.12.0
[INFO] [stderr]    Compiling wio v0.2.2
[INFO] [stderr]    Compiling math2d v0.2.0-alpha8
[INFO] [stderr]    Compiling rand v0.4.6
[INFO] [stderr]    Compiling slice-deque v0.2.4
[INFO] [stderr]    Compiling memmap v0.7.0
[INFO] [stderr]    Compiling rand_jitter v0.1.4
[INFO] [stderr]    Compiling cpal v0.8.2
[INFO] [stderr]    Compiling rand_os v0.1.3
[INFO] [stderr]    Compiling jpeg-decoder v0.1.15
[INFO] [stderr]    Compiling rand v0.3.23
[INFO] [stderr]    Compiling minimp3 v0.3.3
[INFO] [stderr]    Compiling cgmath v0.14.1
[INFO] [stderr]    Compiling derive-com-impl v0.1.1
[INFO] [stderr]    Compiling derive-com-wrapper v0.1.0
[INFO] [stderr]    Compiling auto-enum v0.2.0-alpha1
[INFO] [stderr]    Compiling com-wrapper v0.1.0
[INFO] [stderr]    Compiling rodio v0.8.1
[INFO] [stderr]    Compiling com-impl v0.1.1
[INFO] [stderr]    Compiling dcommon v0.3.0-alpha1
[INFO] [stderr]    Compiling tiff v0.2.2
[INFO] [stderr]    Compiling image v0.19.0
[INFO] [stderr]    Compiling dxgi v0.3.0-alpha4
[INFO] [stderr]    Compiling directwrite v0.3.0-alpha4
[INFO] [stderr]    Compiling image v0.21.1
[INFO] [stderr]    Compiling direct3d11 v0.3.0-alpha2
[INFO] [stderr]    Compiling direct2d v0.3.0-alpha1
[INFO] [stderr]    Compiling winit v0.19.1
[INFO] [stderr]    Compiling mengine v0.6.6 (C:\crater\workdir)
[INFO] [stderr]     Finished dev [unoptimized + debuginfo] target(s) in 4m 27s
[INFO] running `"docker" "inspect" "18a274de7a646b0b59c10b94973280fafcdeaf5603800171e5b2459fa7ff891a"`
[INFO] running `"docker" "rm" "-f" "18a274de7a646b0b59c10b94973280fafcdeaf5603800171e5b2459fa7ff891a"`
[INFO] [stdout] 18a274de7a646b0b59c10b94973280fafcdeaf5603800171e5b2459fa7ff891a
[INFO] running `"docker" "create" "--mount" "type=bind,src=C:\\Users\\mackendy\\src\\crater\\work\\local\\target-dirs\\default\\worker-3\\stable,dst=C:\\crater\\target" "--mount" "type=bind,src=C:\\Users\\mackendy\\src\\crater\\work\\ex\\default\\sources\\stable\\gh\\planet0104\\mengine,dst=C:\\crater\\workdir,readonly" "--mount" "type=bind,src=C:\\Users\\mackendy\\src\\crater\\work\\local\\cargo-home,dst=C:\\crater\\cargo-home,readonly" "--mount" "type=bind,src=C:\\Users\\mackendy\\src\\crater\\work\\local\\rustup-home,dst=C:\\crater\\rustup-home,readonly" "-e" "SOURCE_DIR=C:\\crater\\workdir" "-e" "CARGO_TARGET_DIR=C:\\crater\\target" "-e" "CARGO_INCREMENTAL=0" "-e" "RUST_BACKTRACE=full" "-e" "RUSTFLAGS=--cap-lints=allow" "-e" "CARGO_HOME=C:\\crater\\cargo-home" "-e" "RUSTUP_HOME=C:\\crater\\rustup-home" "-w" "C:\\crater\\workdir" "-m" "1536M" "--network" "none" "--isolation=process" "crates-build-env-windows" "C:\\crater\\cargo-home\\bin\\cargo" "+stable" "test" "--frozen" "--no-run"`
[INFO] [stdout] 0af5ef17459936f675157b495854e397b4bffbbb9b86454183e2fd2d6f196a17
[INFO] running `"docker" "start" "-a" "0af5ef17459936f675157b495854e397b4bffbbb9b86454183e2fd2d6f196a17"`
[INFO] [stderr]    Compiling mengine v0.6.6 (C:\crater\workdir)
[INFO] [stderr]     Finished dev [unoptimized + debuginfo] target(s) in 7.15s
[INFO] running `"docker" "inspect" "0af5ef17459936f675157b495854e397b4bffbbb9b86454183e2fd2d6f196a17"`
[INFO] running `"docker" "rm" "-f" "0af5ef17459936f675157b495854e397b4bffbbb9b86454183e2fd2d6f196a17"`
[INFO] [stdout] 0af5ef17459936f675157b495854e397b4bffbbb9b86454183e2fd2d6f196a17
[INFO] running `"docker" "create" "--mount" "type=bind,src=C:\\Users\\mackendy\\src\\crater\\work\\local\\target-dirs\\default\\worker-3\\stable,dst=C:\\crater\\target" "--mount" "type=bind,src=C:\\Users\\mackendy\\src\\crater\\work\\ex\\default\\sources\\stable\\gh\\planet0104\\mengine,dst=C:\\crater\\workdir,readonly" "--mount" "type=bind,src=C:\\Users\\mackendy\\src\\crater\\work\\local\\cargo-home,dst=C:\\crater\\cargo-home,readonly" "--mount" "type=bind,src=C:\\Users\\mackendy\\src\\crater\\work\\local\\rustup-home,dst=C:\\crater\\rustup-home,readonly" "-e" "SOURCE_DIR=C:\\crater\\workdir" "-e" "CARGO_TARGET_DIR=C:\\crater\\target" "-e" "CARGO_INCREMENTAL=0" "-e" "RUST_BACKTRACE=full" "-e" "RUSTFLAGS=--cap-lints=allow" "-e" "CARGO_HOME=C:\\crater\\cargo-home" "-e" "RUSTUP_HOME=C:\\crater\\rustup-home" "-w" "C:\\crater\\workdir" "-m" "1536M" "--network" "none" "--isolation=process" "crates-build-env-windows" "C:\\crater\\cargo-home\\bin\\cargo" "+stable" "test" "--frozen"`
[INFO] [stdout] 70c19d840bddb5882a67e2e033f66d65b6714da5765dc7cc94dd0f4e225b9360
[INFO] running `"docker" "start" "-a" "70c19d840bddb5882a67e2e033f66d65b6714da5765dc7cc94dd0f4e225b9360"`
[INFO] [stderr]     Finished dev [unoptimized + debuginfo] target(s) in 1.10s
[INFO] [stderr]      Running C:\crater\target\debug\deps\mengine-ffc690003ceac529.exe
[INFO] [stdout] 
[INFO] [stdout] running 0 tests
[INFO] [stdout] 
[INFO] [stdout] test result: ok. 0 passed; 0 failed; 0 ignored; 0 measured; 0 filtered out
[INFO] [stdout] 
[INFO] [stderr]    Doc-tests mengine
[INFO] [stdout] 
[INFO] [stdout] running 2 tests
[INFO] [stdout] test src\lib.rs - Graphics::draw_text (line 126) ... FAILED
[INFO] [stdout] test src\lib.rs - Graphics::draw_image (line 95) ... FAILED
[INFO] [stdout] 
[INFO] [stdout] failures:
[INFO] [stdout] 
[INFO] [stdout] ---- src\lib.rs - Graphics::draw_text (line 126) stdout ----
[INFO] [stdout] error[E0425]: cannot find value `g` in this scope
[INFO] [stdout]  --> src\lib.rs:127:1
[INFO] [stdout]   |
[INFO] [stdout] 3 | g.draw_text("Hello!", 0., 20., &[255, 0, 0, 255], 16).expect("text draw failed.");
[INFO] [stdout]   | ^ not found in this scope
[INFO] [stdout] 
[INFO] [stdout] error: aborting due to previous error
[INFO] [stdout] 
[INFO] [stdout] For more information about this error, try `rustc --explain E0425`.
[INFO] [stdout] thread 'src\lib.rs - Graphics::draw_text (line 126)' panicked at 'couldn't compile the test', src\librustdoc\test.rs:319:13
[INFO] [stdout] stack backtrace:
[INFO] [stdout]    0:     0x7ff985e555dd - std::sys_common::alloc::realloc_fallback::hbb887366925a1f73
[INFO] [stdout]    1:     0x7ff985e58cdd - std::panicking::take_hook::h7ac43e0b93a4e391
[INFO] [stdout]    2:     0x7ff985e5895d - std::panicking::take_hook::h7ac43e0b93a4e391
[INFO] [stdout]    3:     0x7ff985e5956f - std::panicking::rust_panic_with_hook::h0abc1b81b226dfd6
[INFO] [stdout]    4:     0x7ff655eaf494 - <unknown>
[INFO] [stdout]    5:     0x7ff65609f95a - <unknown>
[INFO] [stdout]    6:     0x7ff6560947cc - <unknown>
[INFO] [stdout]    7:     0x7ff986c9f5b6 - test::Metric::new::hb76971f3dc83a8cc
[INFO] [stdout]    8:     0x7ff986c9f5b6 - test::Metric::new::hb76971f3dc83a8cc
[INFO] [stdout]    9:     0x7ff985e6b621 - _rust_maybe_catch_panic
[INFO] [stdout]   10:     0x7ff986cbf35a - test::run_test::hb99530cb78983cdd
[INFO] [stdout]   11:     0x7ff986c913dd - <unknown>
[INFO] [stdout]   12:     0x7ff986c970ed - <unknown>
[INFO] [stdout]   13:     0x7ff985e6b621 - _rust_maybe_catch_panic
[INFO] [stdout]   14:     0x7ff986c97cef - <unknown>
[INFO] [stdout]   15:     0x7ff985e36fe6 - <std::error::<impl core::convert::From<alloc::string::String> for alloc::boxed::Box<dyn +std::error::Error+core::marker::Sync+core::marker::Send>>::from::StringError as core::fmt::Display>::fmt::hf64a13ae44cc0e27
[INFO] [stdout]   16:     0x7ff985e690a6 - std::sys::windows::thread::Thread::new::hf33384bc51f3c580
[INFO] [stdout]   17:     0x7ff999ca7973 - BaseThreadInitThunk
[INFO] [stdout]   18:     0x7ff9d33ea270 - RtlUserThreadStart
[INFO] [stdout] 
[INFO] [stdout] ---- src\lib.rs - Graphics::draw_image (line 95) stdout ----
[INFO] [stdout] error[E0425]: cannot find value `g` in this scope
[INFO] [stdout]  --> src\lib.rs:96:1
[INFO] [stdout]   |
[INFO] [stdout] 3 | g.draw_image(&image, Some([0, 0, 100, 100]), Some([0, 0, 100, 100])).expect("error!");
[INFO] [stdout]   | ^ not found in this scope
[INFO] [stdout] 
[INFO] [stdout] error[E0423]: expected value, found module `image`
[INFO] [stdout]  --> src\lib.rs:96:15
[INFO] [stdout]   |
[INFO] [stdout] 3 | g.draw_image(&image, Some([0, 0, 100, 100]), Some([0, 0, 100, 100])).expect("error!");
[INFO] [stdout]   |               ^^^^^ not a value
[INFO] [stdout] 
[INFO] [stdout] error: aborting due to 2 previous errors
[INFO] [stdout] 
[INFO] [stdout] Some errors have detailed explanations: E0423, E0425.
[INFO] [stdout] For more information about an error, try `rustc --explain E0423`.
[INFO] [stdout] thread 'src\lib.rs - Graphics::draw_image (line 95)' panicked at 'couldn't compile the test', src\librustdoc\test.rs:319:13
[INFO] [stdout] stack backtrace:
[INFO] [stdout]    0:     0x7ff985e555dd - std::sys_common::alloc::realloc_fallback::hbb887366925a1f73
[INFO] [stdout]    1:     0x7ff985e58cdd - std::panicking::take_hook::h7ac43e0b93a4e391
[INFO] [stdout]    2:     0x7ff985e5895d - std::panicking::take_hook::h7ac43e0b93a4e391
[INFO] [stdout]    3:     0x7ff985e5956f - std::panicking::rust_panic_with_hook::h0abc1b81b226dfd6
[INFO] [stdout]    4:     0x7ff655eaf494 - <unknown>
[INFO] [stdout]    5:     0x7ff65609f95a - <unknown>
[INFO] [stdout]    6:     0x7ff6560947cc - <unknown>
[INFO] [stdout]    7:     0x7ff986c9f5b6 - test::Metric::new::hb76971f3dc83a8cc
[INFO] [stdout]    8:     0x7ff986c9f5b6 - test::Metric::new::hb76971f3dc83a8cc
[INFO] [stdout]    9:     0x7ff985e6b621 - _rust_maybe_catch_panic
[INFO] [stdout]   10:     0x7ff986cbf35a - test::run_test::hb99530cb78983cdd
[INFO] [stdout]   11:     0x7ff986c913dd - <unknown>
[INFO] [stdout]   12:     0x7ff986c970ed - <unknown>
[INFO] [stdout]   13:     0x7ff985e6b621 - _rust_maybe_catch_panic
[INFO] [stdout]   14:     0x7ff986c97cef - <unknown>
[INFO] [stdout]   15:     0x7ff985e36fe6 - <std::error::<impl core::convert::From<alloc::string::String> for alloc::boxed::Box<dyn +std::error::Error+core::marker::Sync+core::marker::Send>>::from::StringError as core::fmt::Display>::fmt::hf64a13ae44cc0e27
[INFO] [stdout]   16:     0x7ff985e690a6 - std::sys::windows::thread::Thread::new::hf33384bc51f3c580
[INFO] [stdout]   17:     0x7ff999ca7973 - BaseThreadInitThunk
[INFO] [stdout]   18:     0x7ff9d33ea270 - RtlUserThreadStart
[INFO] [stdout] 
[INFO] [stdout] 
[INFO] [stdout] failures:
[INFO] [stdout]     src\lib.rs - Graphics::draw_image (line 95)
[INFO] [stdout]     src\lib.rs - Graphics::draw_text (line 126)
[INFO] [stdout] 
[INFO] [stdout] test result: FAILED. 0 passed; 2 failed; 0 ignored; 0 measured; 0 filtered out
[INFO] [stdout] 
[INFO] [stderr] error: test failed, to rerun pass '--doc'
[INFO] running `"docker" "inspect" "70c19d840bddb5882a67e2e033f66d65b6714da5765dc7cc94dd0f4e225b9360"`
[INFO] running `"docker" "rm" "-f" "70c19d840bddb5882a67e2e033f66d65b6714da5765dc7cc94dd0f4e225b9360"`
[INFO] [stdout] 70c19d840bddb5882a67e2e033f66d65b6714da5765dc7cc94dd0f4e225b9360
