[INFO] crate chrono 0.4.7 is already in cache
[INFO] extracting crate chrono 0.4.7 into work\ex\default\sources\nightly\reg\chrono\0.4.7
[INFO] extracting crate chrono 0.4.7 into work\ex\default\sources\nightly+rustflags=-Zverbose\reg\chrono\0.4.7
[INFO] validating manifest of chrono-0.4.7 on toolchain nightly
[INFO] running `"C:\\Users\\mackendy\\src\\crater\\work\\local\\cargo-home\\bin\\cargo.exe" "+nightly" "read-manifest" "--manifest-path" "Cargo.toml"`
[INFO] validating manifest of chrono-0.4.7 on toolchain nightly+rustflags=-Zverbose
[INFO] running `"C:\\Users\\mackendy\\src\\crater\\work\\local\\cargo-home\\bin\\cargo.exe" "+nightly" "read-manifest" "--manifest-path" "Cargo.toml"`
[INFO] started frobbing chrono-0.4.7
[INFO] finished frobbing chrono-0.4.7
[INFO] frobbed toml for chrono-0.4.7 written to work\ex\default\sources\nightly\reg\chrono\0.4.7\Cargo.toml
[INFO] started frobbing chrono-0.4.7
[INFO] finished frobbing chrono-0.4.7
[INFO] frobbed toml for chrono-0.4.7 written to work\ex\default\sources\nightly+rustflags=-Zverbose\reg\chrono\0.4.7\Cargo.toml
[INFO] running `"C:\\Users\\mackendy\\src\\crater\\work\\local\\cargo-home\\bin\\cargo.exe" "+nightly" "generate-lockfile" "--manifest-path" "Cargo.toml" "-Zno-index-update"`
[INFO] running `"C:\\Users\\mackendy\\src\\crater\\work\\local\\cargo-home\\bin\\cargo.exe" "+nightly" "generate-lockfile" "--manifest-path" "Cargo.toml" "-Zno-index-update"`
[INFO] running `"C:\\Users\\mackendy\\src\\crater\\work\\local\\cargo-home\\bin\\cargo.exe" "+nightly" "fetch" "--locked" "--manifest-path" "Cargo.toml"`
[INFO] running `"C:\\Users\\mackendy\\src\\crater\\work\\local\\cargo-home\\bin\\cargo.exe" "+nightly" "fetch" "--locked" "--manifest-path" "Cargo.toml"`
[INFO] testing chrono-0.4.7 against nightly for default
[INFO] running `"docker" "create" "--mount" "type=bind,src=C:\\Users\\mackendy\\src\\crater\\work\\local\\target-dirs\\default\\worker-1\\nightly,dst=C:\\crater\\target" "--mount" "type=bind,src=C:\\Users\\mackendy\\src\\crater\\work\\ex\\default\\sources\\nightly\\reg\\chrono\\0.4.7,dst=C:\\crater\\workdir,readonly" "--mount" "type=bind,src=C:\\Users\\mackendy\\src\\crater\\work\\local\\cargo-home,dst=C:\\crater\\cargo-home,readonly" "--mount" "type=bind,src=C:\\Users\\mackendy\\src\\crater\\work\\local\\rustup-home,dst=C:\\crater\\rustup-home,readonly" "-e" "SOURCE_DIR=C:\\crater\\workdir" "-e" "CARGO_TARGET_DIR=C:\\crater\\target" "-e" "CARGO_INCREMENTAL=0" "-e" "RUST_BACKTRACE=full" "-e" "RUSTFLAGS=--cap-lints=allow" "-e" "CARGO_HOME=C:\\crater\\cargo-home" "-e" "RUSTUP_HOME=C:\\crater\\rustup-home" "-w" "C:\\crater\\workdir" "-m" "1536M" "--network" "none" "--isolation=process" "crates-build-env-windows" "C:\\crater\\cargo-home\\bin\\cargo" "+nightly" "build" "--frozen"`
[INFO] [stdout] bd9297baef678e0f8370f6c0060cc535a4c58c652dcf16612a629ec2828855f0
[INFO] running `"docker" "start" "-a" "bd9297baef678e0f8370f6c0060cc535a4c58c652dcf16612a629ec2828855f0"`
[INFO] [stderr]    Compiling num-integer v0.1.41
[INFO] [stderr]    Compiling chrono v0.4.7 (C:\crater\workdir)
[INFO] [stderr]     Finished dev [unoptimized + debuginfo] target(s) in 9.92s
[INFO] running `"docker" "inspect" "bd9297baef678e0f8370f6c0060cc535a4c58c652dcf16612a629ec2828855f0"`
[INFO] running `"docker" "rm" "-f" "bd9297baef678e0f8370f6c0060cc535a4c58c652dcf16612a629ec2828855f0"`
[INFO] [stdout] bd9297baef678e0f8370f6c0060cc535a4c58c652dcf16612a629ec2828855f0
[INFO] running `"docker" "create" "--mount" "type=bind,src=C:\\Users\\mackendy\\src\\crater\\work\\local\\target-dirs\\default\\worker-1\\nightly,dst=C:\\crater\\target" "--mount" "type=bind,src=C:\\Users\\mackendy\\src\\crater\\work\\ex\\default\\sources\\nightly\\reg\\chrono\\0.4.7,dst=C:\\crater\\workdir,readonly" "--mount" "type=bind,src=C:\\Users\\mackendy\\src\\crater\\work\\local\\cargo-home,dst=C:\\crater\\cargo-home,readonly" "--mount" "type=bind,src=C:\\Users\\mackendy\\src\\crater\\work\\local\\rustup-home,dst=C:\\crater\\rustup-home,readonly" "-e" "SOURCE_DIR=C:\\crater\\workdir" "-e" "CARGO_TARGET_DIR=C:\\crater\\target" "-e" "CARGO_INCREMENTAL=0" "-e" "RUST_BACKTRACE=full" "-e" "RUSTFLAGS=--cap-lints=allow" "-e" "CARGO_HOME=C:\\crater\\cargo-home" "-e" "RUSTUP_HOME=C:\\crater\\rustup-home" "-w" "C:\\crater\\workdir" "-m" "1536M" "--network" "none" "--isolation=process" "crates-build-env-windows" "C:\\crater\\cargo-home\\bin\\cargo" "+nightly" "test" "--frozen" "--no-run"`
[INFO] [stdout] acc4627505d4cb9a96ff3bb91acaee0253c9b438d6670a0d13a6031227878608
[INFO] running `"docker" "start" "-a" "acc4627505d4cb9a96ff3bb91acaee0253c9b438d6670a0d13a6031227878608"`
[INFO] [stderr]    Compiling num-iter v0.1.39
[INFO] [stderr]    Compiling bincode v0.8.0
[INFO] [stderr]    Compiling chrono v0.4.7 (C:\crater\workdir)
[INFO] [stderr]     Finished dev [unoptimized + debuginfo] target(s) in 31.23s
[INFO] running `"docker" "inspect" "acc4627505d4cb9a96ff3bb91acaee0253c9b438d6670a0d13a6031227878608"`
[INFO] running `"docker" "rm" "-f" "acc4627505d4cb9a96ff3bb91acaee0253c9b438d6670a0d13a6031227878608"`
[INFO] [stdout] acc4627505d4cb9a96ff3bb91acaee0253c9b438d6670a0d13a6031227878608
[INFO] running `"docker" "create" "--mount" "type=bind,src=C:\\Users\\mackendy\\src\\crater\\work\\local\\target-dirs\\default\\worker-1\\nightly,dst=C:\\crater\\target" "--mount" "type=bind,src=C:\\Users\\mackendy\\src\\crater\\work\\ex\\default\\sources\\nightly\\reg\\chrono\\0.4.7,dst=C:\\crater\\workdir,readonly" "--mount" "type=bind,src=C:\\Users\\mackendy\\src\\crater\\work\\local\\cargo-home,dst=C:\\crater\\cargo-home,readonly" "--mount" "type=bind,src=C:\\Users\\mackendy\\src\\crater\\work\\local\\rustup-home,dst=C:\\crater\\rustup-home,readonly" "-e" "SOURCE_DIR=C:\\crater\\workdir" "-e" "CARGO_TARGET_DIR=C:\\crater\\target" "-e" "CARGO_INCREMENTAL=0" "-e" "RUST_BACKTRACE=full" "-e" "RUSTFLAGS=--cap-lints=allow" "-e" "CARGO_HOME=C:\\crater\\cargo-home" "-e" "RUSTUP_HOME=C:\\crater\\rustup-home" "-w" "C:\\crater\\workdir" "-m" "1536M" "--network" "none" "--isolation=process" "crates-build-env-windows" "C:\\crater\\cargo-home\\bin\\cargo" "+nightly" "test" "--frozen"`
[INFO] [stdout] 39eea6e79ca11373af8fb065e19532bdcdcc41b0e94b3175bdda65d0869dcc88
[INFO] running `"docker" "start" "-a" "39eea6e79ca11373af8fb065e19532bdcdcc41b0e94b3175bdda65d0869dcc88"`
[INFO] [stderr]     Finished dev [unoptimized + debuginfo] target(s) in 0.62s
[INFO] [stderr]      Running C:\crater\target\debug\deps\chrono-11189ab3b5d601ec.exe
[INFO] [stdout] 
[INFO] [stdout] running 97 tests
[INFO] [stdout] test datetime::test_auto_conversion ... ok
[INFO] [stdout] test datetime::tests::test_datetime_date_and_time ... ok
[INFO] [stdout] test datetime::tests::test_datetime_format_with_local ... ok
[INFO] [stdout] test datetime::tests::test_datetime_from_str ... ok
[INFO] [stdout] test datetime::tests::test_datetime_is_copy ... ok
[INFO] [stdout] test datetime::tests::test_datetime_offset ... ok
[INFO] [stdout] test datetime::tests::test_datetime_parse_from_str ... ok
[INFO] [stdout] test datetime::tests::test_datetime_is_send ... ok
[INFO] [stdout] test datetime::tests::test_datetime_rfc2822_and_rfc3339 ... ok
[INFO] [stdout] test datetime::tests::test_datetime_with_timezone ... ok
[INFO] [stdout] test datetime::tests::test_rfc3339_opts ... ok
[INFO] [stdout] test datetime::tests::test_from_system_time ... FAILED
[INFO] [stdout] test datetime::tests::test_subsecond_part ... ok
[INFO] [stdout] test datetime::tests::test_rfc3339_opts_nonexhaustive ... ok
[INFO] [stdout] test div::tests::test_div_mod_floor ... ok
[INFO] [stdout] test div::tests::test_mod_floor ... ok
[INFO] [stdout] test format::parse::parse_rfc850 ... ok
[INFO] [stdout] test format::parse::test_parse ... ok
[INFO] [stdout] test format::parse::test_rfc2822 ... ok
[INFO] [stdout] test format::parse::test_rfc3339 ... ok
[INFO] [stdout] test format::parsed::tests::test_parsed_set_fields ... ok
[INFO] [stdout] test format::parsed::tests::test_parsed_to_datetime ... ok
[INFO] [stdout] test format::parsed::tests::test_parsed_to_datetime_with_timezone ... ok
[INFO] [stdout] test format::parsed::tests::test_parsed_to_naive_date ... ok
[INFO] [stdout] test format::parsed::tests::test_parsed_to_naive_datetime_with_offset ... ok
[INFO] [stdout] test format::parsed::tests::test_parsed_to_naive_time ... ok
[INFO] [stdout] test format::strftime::test_strftime_docs ... ok
[INFO] [stdout] test format::strftime::test_strftime_items ... ok
[INFO] [stdout] test naive::date::test_date_bounds ... ok
[INFO] [stdout] test naive::date::tests::test_date_add ... ok
[INFO] [stdout] test naive::date::tests::test_date_addassignment ... ok
[INFO] [stdout] test naive::date::tests::test_date_fields ... ok
[INFO] [stdout] test naive::date::tests::test_date_fmt ... ok
[INFO] [stdout] test naive::date::tests::test_date_format ... ok
[INFO] [stdout] test naive::date::tests::test_date_from_isoywd ... ok
[INFO] [stdout] test naive::date::tests::test_date_from_num_days_from_ce ... ok
[INFO] [stdout] test naive::date::tests::test_date_from_str ... ok
[INFO] [stdout] test naive::date::tests::test_date_from_ymd ... ok
[INFO] [stdout] test naive::date::tests::test_date_from_isoywd_and_iso_week ... ok
[INFO] [stdout] test naive::date::tests::test_date_from_yo ... ok
[INFO] [stdout] test naive::date::tests::test_date_num_days_from_ce ... ok
[INFO] [stdout] test naive::date::tests::test_date_parse_from_str ... ok
[INFO] [stdout] test naive::date::tests::test_date_pred ... ok
[INFO] [stdout] test naive::date::tests::test_date_sub ... ok
[INFO] [stdout] test naive::date::tests::test_date_subassignment ... ok
[INFO] [stdout] test naive::date::tests::test_date_succ ... ok
[INFO] [stdout] test naive::date::tests::test_date_weekday ... ok
[INFO] [stdout] test naive::date::tests::test_date_with_fields ... ok
[INFO] [stdout] test naive::datetime::tests::test_datetime_add ... ok
[INFO] [stdout] test naive::datetime::tests::test_datetime_add_sub_invariant ... ok
[INFO] [stdout] test naive::datetime::tests::test_datetime_addassignment ... ok
[INFO] [stdout] test naive::datetime::tests::test_datetime_format ... ok
[INFO] [stdout] test naive::datetime::tests::test_datetime_from_str ... ok
[INFO] [stdout] test naive::datetime::tests::test_datetime_from_timestamp ... ok
[INFO] [stdout] test naive::datetime::tests::test_datetime_parse_from_str ... ok
[INFO] [stdout] test naive::datetime::tests::test_datetime_sub ... ok
[INFO] [stdout] test naive::datetime::tests::test_datetime_subassignment ... ok
[INFO] [stdout] test naive::datetime::tests::test_datetime_timestamp ... ok
[INFO] [stdout] test naive::datetime::tests::test_nanosecond_range ... ok
[INFO] [stdout] test naive::internals::tests::test_mdf_fields ... ok
[INFO] [stdout] test naive::internals::tests::test_mdf_to_of ... ok
[INFO] [stdout] test naive::internals::tests::test_mdf_to_of_to_mdf ... ok
[INFO] [stdout] test naive::internals::tests::test_mdf_valid ... ok
[INFO] [stdout] test naive::internals::tests::test_mdf_with_fields ... ok
[INFO] [stdout] test naive::internals::tests::test_of ... ok
[INFO] [stdout] test naive::internals::tests::test_of_fields ... ok
[INFO] [stdout] test naive::internals::tests::test_of_to_mdf ... ok
[INFO] [stdout] test naive::internals::tests::test_of_isoweekdate_raw ... ok
[INFO] [stdout] test naive::internals::tests::test_of_to_mdf_to_of ... ok
[INFO] [stdout] test naive::internals::tests::test_of_weekday ... ok
[INFO] [stdout] test naive::internals::tests::test_of_with_fields ... ok
[INFO] [stdout] test naive::internals::tests::test_year_flags_ndays_from_year ... ok
[INFO] [stdout] test naive::internals::tests::test_year_flags_nisoweeks ... ok
[INFO] [stdout] test naive::isoweek::tests::test_iso_week_extremes ... ok
[INFO] [stdout] test naive::time::tests::test_date_from_str ... ok
[INFO] [stdout] test naive::time::tests::test_time_add ... ok
[INFO] [stdout] test naive::time::tests::test_time_addassignment ... ok
[INFO] [stdout] test naive::time::tests::test_time_fmt ... ok
[INFO] [stdout] test naive::time::tests::test_time_format ... ok
[INFO] [stdout] test naive::time::tests::test_time_from_hms_micro ... ok
[INFO] [stdout] test naive::time::tests::test_time_from_hms_milli ... ok
[INFO] [stdout] test naive::time::tests::test_time_hms ... ok
[INFO] [stdout] test naive::time::tests::test_time_overflowing_add ... ok
[INFO] [stdout] test naive::time::tests::test_time_parse_from_str ... ok
[INFO] [stdout] test naive::time::tests::test_time_sub ... ok
[INFO] [stdout] test naive::time::tests::test_time_subassignment ... ok
[INFO] [stdout] test offset::fixed::tests::test_date_extreme_offset ... ok
[INFO] [stdout] test offset::local::tests::test_leap_second ... ok
[INFO] [stdout] test offset::local::tests::test_local_date_sanity_check ... ok
[INFO] [stdout] test offset::tests::test_nanos_never_panics ... ok
[INFO] [stdout] test offset::tests::test_negative_millis ... ok
[INFO] [stdout] test offset::tests::test_negative_nanos ... ok
[INFO] [stdout] test round::tests::test_round ... ok
[INFO] [stdout] test round::tests::test_round_leap_nanos ... ok
[INFO] [stdout] test round::tests::test_trunc ... ok
[INFO] [stdout] test round::tests::test_trunc_leap_nanos ... ok
[INFO] [stdout] test test_readme_doomsday ... ok
[INFO] [stderr] error: test failed, to rerun pass '--lib'
[INFO] [stdout] 
[INFO] [stdout] failures:
[INFO] [stdout] 
[INFO] [stdout] ---- datetime::tests::test_from_system_time stdout ----
[INFO] [stdout] thread 'datetime::tests::test_from_system_time' panicked at 'assertion failed: `(left == right)`
[INFO] [stdout]   left: `2001-09-09T01:46:39.999999900Z`,
[INFO] [stdout]  right: `2001-09-09T01:46:39.999999999Z`', src\datetime.rs:1705:9
[INFO] [stdout] stack backtrace:
[INFO] [stdout]    0:     0x7ff604b8cf7c - backtrace::backtrace::trace_unsynchronized
[INFO] [stdout]                                at C:\Program Files\Rust\.cargo\registry\src\github.com-1ecc6299db9ec823\backtrace-0.3.29\src\backtrace\mod.rs:66
[INFO] [stdout]    1:     0x7ff604b8cf7c - std::sys_common::backtrace::_print
[INFO] [stdout]                                at /rustc/273f42b5964c29dda2c5a349dd4655529767b07f\/src\libstd\sys_common\backtrace.rs:47
[INFO] [stdout]    2:     0x7ff604b904fe - std::sys_common::backtrace::print
[INFO] [stdout]                                at /rustc/273f42b5964c29dda2c5a349dd4655529767b07f\/src\libstd\sys_common\backtrace.rs:36
[INFO] [stdout]    3:     0x7ff604b904fe - std::panicking::default_hook::{{closure}}
[INFO] [stdout]                                at /rustc/273f42b5964c29dda2c5a349dd4655529767b07f\/src\libstd\panicking.rs:200
[INFO] [stdout]    4:     0x7ff604b9010d - std::panicking::default_hook
[INFO] [stdout]                                at /rustc/273f42b5964c29dda2c5a349dd4655529767b07f\/src\libstd\panicking.rs:211
[INFO] [stdout]    5:     0x7ff604b90d90 - std::panicking::rust_panic_with_hook
[INFO] [stdout]                                at /rustc/273f42b5964c29dda2c5a349dd4655529767b07f\/src\libstd\panicking.rs:477
[INFO] [stdout]    6:     0x7ff604b908c4 - std::panicking::continue_panic_fmt
[INFO] [stdout]                                at /rustc/273f42b5964c29dda2c5a349dd4655529767b07f\/src\libstd\panicking.rs:384
[INFO] [stdout]    7:     0x7ff604b90812 - std::panicking::begin_panic_fmt
[INFO] [stdout]                                at /rustc/273f42b5964c29dda2c5a349dd4655529767b07f\/src\libstd\panicking.rs:339
[INFO] [stdout]    8:     0x7ff604b15e88 - chrono::datetime::tests::test_from_system_time
[INFO] [stdout]                                at C:\crater\workdir\src\datetime.rs:1705
[INFO] [stdout]    9:     0x7ff604b159de - chrono::datetime::tests::test_from_system_time::{{closure}}
[INFO] [stdout]                                at C:\crater\workdir\src\datetime.rs:1698
[INFO] [stdout]   10:     0x7ff604a7bbeb - core::ops::function::FnOnce::call_once<closure,()>
[INFO] [stdout]                                at /rustc/273f42b5964c29dda2c5a349dd4655529767b07f\src\libcore\ops\function.rs:231
[INFO] [stdout]   11:     0x7ff604b39f27 - alloc::boxed::{{impl}}::call_once<(),FnOnce<()>>
[INFO] [stdout]                                at /rustc/273f42b5964c29dda2c5a349dd4655529767b07f\src\liballoc\boxed.rs:766
[INFO] [stdout]   12:     0x7ff604b947d2 - panic_unwind::__rust_maybe_catch_panic
[INFO] [stdout]                                at /rustc/273f42b5964c29dda2c5a349dd4655529767b07f\/src\libpanic_unwind\lib.rs:82
[INFO] [stdout]   13:     0x7ff604b594e8 - std::panicking::try
[INFO] [stdout]                                at /rustc/273f42b5964c29dda2c5a349dd4655529767b07f\src\libstd\panicking.rs:275
[INFO] [stdout]   14:     0x7ff604b594e8 - std::panic::catch_unwind
[INFO] [stdout]                                at /rustc/273f42b5964c29dda2c5a349dd4655529767b07f\src\libstd\panic.rs:394
[INFO] [stdout]   15:     0x7ff604b594e8 - test::run_test::run_test_inner::{{closure}}
[INFO] [stdout]                                at /rustc/273f42b5964c29dda2c5a349dd4655529767b07f\/src\libtest\lib.rs:1472
[INFO] [stdout]   16:     0x7ff604b2bdde - std::sys_common::backtrace::__rust_begin_short_backtrace<closure,()>
[INFO] [stdout]                                at /rustc/273f42b5964c29dda2c5a349dd4655529767b07f\src\libstd\sys_common\backtrace.rs:77
[INFO] [stdout]   17:     0x7ff604b31f7e - std::thread::{{impl}}::spawn_unchecked::{{closure}}::{{closure}}
[INFO] [stdout]                                at /rustc/273f42b5964c29dda2c5a349dd4655529767b07f\src\libstd\thread\mod.rs:470
[INFO] [stdout]   18:     0x7ff604b31f7e - std::panic::{{impl}}::call_once
[INFO] [stdout]                                at /rustc/273f42b5964c29dda2c5a349dd4655529767b07f\src\libstd\panic.rs:315
[INFO] [stdout]   19:     0x7ff604b31f7e - std::panicking::try::do_call<std::panic::AssertUnwindSafe<closure>,()>
[INFO] [stdout]                                at /rustc/273f42b5964c29dda2c5a349dd4655529767b07f\src\libstd\panicking.rs:296
[INFO] [stdout]   20:     0x7ff604b947d2 - panic_unwind::__rust_maybe_catch_panic
[INFO] [stdout]                                at /rustc/273f42b5964c29dda2c5a349dd4655529767b07f\/src\libpanic_unwind\lib.rs:82
[INFO] [stdout]   21:     0x7ff604b32620 - std::panicking::try
[INFO] [stdout]                                at /rustc/273f42b5964c29dda2c5a349dd4655529767b07f\src\libstd\panicking.rs:275
[INFO] [stdout]   22:     0x7ff604b32620 - std::panic::catch_unwind
[INFO] [stdout]                                at /rustc/273f42b5964c29dda2c5a349dd4655529767b07f\src\libstd\panic.rs:394
[INFO] [stdout]   23:     0x7ff604b32620 - std::thread::{{impl}}::spawn_unchecked::{{closure}}
[INFO] [stdout]                                at /rustc/273f42b5964c29dda2c5a349dd4655529767b07f\src\libstd\thread\mod.rs:469
[INFO] [stdout]   24:     0x7ff604b32620 - core::ops::function::FnOnce::call_once<closure,()>
[INFO] [stdout]                                at /rustc/273f42b5964c29dda2c5a349dd4655529767b07f\src\libcore\ops\function.rs:231
[INFO] [stdout]   25:     0x7ff604b81ba7 - alloc::boxed::{{impl}}::call_once<(),FnOnce<()>>
[INFO] [stdout]                                at /rustc/273f42b5964c29dda2c5a349dd4655529767b07f\src\liballoc\boxed.rs:766
[INFO] [stdout]   26:     0x7ff604b93406 - alloc::boxed::{{impl}}::call_once
[INFO] [stdout]                                at /rustc/273f42b5964c29dda2c5a349dd4655529767b07f\src\liballoc\boxed.rs:766
[INFO] [stdout]   27:     0x7ff604b93406 - std::sys_common::thread::start_thread
[INFO] [stdout]                                at /rustc/273f42b5964c29dda2c5a349dd4655529767b07f\/src\libstd\sys_common\thread.rs:13
[INFO] [stdout]   28:     0x7ff604b93406 - std::sys::windows::thread::{{impl}}::new::thread_start
[INFO] [stdout]                                at /rustc/273f42b5964c29dda2c5a349dd4655529767b07f\/src\libstd\sys\windows\thread.rs:47
[INFO] [stdout]   29:     0x7ff8ecd47974 - BaseThreadInitThunk
[INFO] [stdout]   30:     0x7ff9146da271 - RtlUserThreadStart
[INFO] [stdout] 
[INFO] [stdout] 
[INFO] [stdout] failures:
[INFO] [stdout]     datetime::tests::test_from_system_time
[INFO] [stdout] 
[INFO] [stdout] test result: FAILED. 96 passed; 1 failed; 0 ignored; 0 measured; 0 filtered out
[INFO] [stdout] 
[INFO] running `"docker" "inspect" "39eea6e79ca11373af8fb065e19532bdcdcc41b0e94b3175bdda65d0869dcc88"`
[INFO] running `"docker" "rm" "-f" "39eea6e79ca11373af8fb065e19532bdcdcc41b0e94b3175bdda65d0869dcc88"`
[INFO] [stdout] 39eea6e79ca11373af8fb065e19532bdcdcc41b0e94b3175bdda65d0869dcc88
