[INFO] crate reqwest 0.9.19 is already in cache
[INFO] extracting crate reqwest 0.9.19 into work\ex\default\sources\nightly\reg\reqwest\0.9.19
[INFO] extracting crate reqwest 0.9.19 into work\ex\default\sources\nightly+rustflags=-Zverbose\reg\reqwest\0.9.19
[INFO] validating manifest of reqwest-0.9.19 on toolchain nightly
[INFO] running `"C:\\Users\\mackendy\\src\\crater\\work\\local\\cargo-home\\bin\\cargo.exe" "+nightly" "read-manifest" "--manifest-path" "Cargo.toml"`
[INFO] validating manifest of reqwest-0.9.19 on toolchain nightly+rustflags=-Zverbose
[INFO] running `"C:\\Users\\mackendy\\src\\crater\\work\\local\\cargo-home\\bin\\cargo.exe" "+nightly" "read-manifest" "--manifest-path" "Cargo.toml"`
[INFO] started frobbing reqwest-0.9.19
[INFO] finished frobbing reqwest-0.9.19
[INFO] frobbed toml for reqwest-0.9.19 written to work\ex\default\sources\nightly\reg\reqwest\0.9.19\Cargo.toml
[INFO] started frobbing reqwest-0.9.19
[INFO] finished frobbing reqwest-0.9.19
[INFO] frobbed toml for reqwest-0.9.19 written to work\ex\default\sources\nightly+rustflags=-Zverbose\reg\reqwest\0.9.19\Cargo.toml
[INFO] crate reqwest-0.9.19 already has a lockfile, it will not be regenerated
[INFO] running `"C:\\Users\\mackendy\\src\\crater\\work\\local\\cargo-home\\bin\\cargo.exe" "+nightly" "fetch" "--locked" "--manifest-path" "Cargo.toml"`
[INFO] running `"C:\\Users\\mackendy\\src\\crater\\work\\local\\cargo-home\\bin\\cargo.exe" "+nightly" "fetch" "--locked" "--manifest-path" "Cargo.toml"`
[INFO] testing reqwest-0.9.19 against nightly+rustflags=-Zverbose for default
[INFO] running `"docker" "create" "--mount" "type=bind,src=C:\\Users\\mackendy\\src\\crater\\work\\local\\target-dirs\\default\\worker-1\\nightly+rustflags=-Zverbose,dst=C:\\crater\\target" "--mount" "type=bind,src=C:\\Users\\mackendy\\src\\crater\\work\\ex\\default\\sources\\nightly+rustflags=-Zverbose\\reg\\reqwest\\0.9.19,dst=C:\\crater\\workdir,readonly" "--mount" "type=bind,src=C:\\Users\\mackendy\\src\\crater\\work\\local\\cargo-home,dst=C:\\crater\\cargo-home,readonly" "--mount" "type=bind,src=C:\\Users\\mackendy\\src\\crater\\work\\local\\rustup-home,dst=C:\\crater\\rustup-home,readonly" "-e" "SOURCE_DIR=C:\\crater\\workdir" "-e" "CARGO_TARGET_DIR=C:\\crater\\target" "-e" "CARGO_INCREMENTAL=0" "-e" "RUST_BACKTRACE=full" "-e" "RUSTFLAGS=--cap-lints=allow -Zverbose" "-e" "CARGO_HOME=C:\\crater\\cargo-home" "-e" "RUSTUP_HOME=C:\\crater\\rustup-home" "-w" "C:\\crater\\workdir" "-m" "1536M" "--network" "none" "--isolation=process" "crates-build-env-windows" "C:\\crater\\cargo-home\\bin\\cargo" "+nightly" "build" "--frozen"`
[INFO] [stdout] 8327ede9bb67a314e236d913e612ae80e9ebf4ac8ba5c0f60337024cdb93050a
[INFO] running `"docker" "start" "-a" "8327ede9bb67a314e236d913e612ae80e9ebf4ac8ba5c0f60337024cdb93050a"`
[INFO] [stderr]    Compiling autocfg v0.1.1
[INFO] [stderr]    Compiling winapi v0.3.6
[INFO] [stderr]    Compiling rand_core v0.3.0
[INFO] [stderr]    Compiling void v1.0.2
[INFO] [stderr]    Compiling arrayvec v0.4.10
[INFO] [stderr]    Compiling version_check v0.1.5
[INFO] [stderr]    Compiling cfg-if v0.1.6
[INFO] [stderr]    Compiling libc v0.2.46
[INFO] [stderr]    Compiling proc-macro2 v0.4.24
[INFO] [stderr]    Compiling lazy_static v1.2.0
[INFO] [stderr]    Compiling byteorder v1.2.7
[INFO] [stderr]    Compiling siphasher v0.2.3
[INFO] [stderr]    Compiling lazycell v1.2.1
[INFO] [stderr]    Compiling futures v0.1.26
[INFO] [stderr]    Compiling slab v0.4.1
[INFO] [stderr]    Compiling build_const v0.2.1
[INFO] [stderr]    Compiling failure_derive v0.1.5
[INFO] [stderr]    Compiling cc v1.0.28
[INFO] [stderr]    Compiling ucd-util v0.1.3
[INFO] [stderr]    Compiling regex v1.1.0
[INFO] [stderr]    Compiling httparse v1.3.3
[INFO] [stderr]    Compiling rustc-demangle v0.1.13
[INFO] [stderr]    Compiling serde v1.0.90
[INFO] [stderr]    Compiling ryu v0.2.7
[INFO] [stderr]    Compiling unicode-normalization v0.1.7
[INFO] [stderr]    Compiling itoa v0.4.3
[INFO] [stderr]    Compiling crc32fast v1.1.2
[INFO] [stderr]    Compiling string v0.1.2
[INFO] [stderr]    Compiling native-tls v0.2.2
[INFO] [stderr]    Compiling utf8-ranges v1.0.2
[INFO] [stderr]    Compiling adler32 v1.0.3
[INFO] [stderr]    Compiling encoding_rs v0.8.14
[INFO] [stderr]    Compiling dtoa v0.4.3
[INFO] [stderr]    Compiling unreachable v1.0.0
[INFO] [stderr]    Compiling rand_hc v0.1.0
[INFO] [stderr]    Compiling rand_xorshift v0.1.1
[INFO] [stderr]    Compiling rand_isaac v0.1.1
[INFO] [stderr]    Compiling rand_core v0.2.2
[INFO] [stderr]    Compiling rand_chacha v0.1.1
[INFO] [stderr]    Compiling rand v0.6.3
[INFO] [stderr]    Compiling backtrace v0.3.13
[INFO] [stderr]    Compiling crossbeam-utils v0.6.3
[INFO] [stderr]    Compiling log v0.4.6
[INFO] [stderr]    Compiling try_from v0.3.2
[INFO] [stderr]    Compiling thread_local v0.3.6
[INFO] [stderr]    Compiling tokio-trace-core v0.1.0
[INFO] [stderr]    Compiling unicase v1.4.2
[INFO] [stderr]    Compiling memchr v2.1.2
[INFO] [stderr]    Compiling unicase v2.2.0
[INFO] [stderr]    Compiling base64 v0.10.0
[INFO] [stderr]    Compiling crc v1.8.1
[INFO] [stderr]    Compiling regex-syntax v0.6.4
[INFO] [stderr]    Compiling miniz_oxide_c_api v0.2.1
[INFO] [stderr]    Compiling miniz_oxide v0.2.1
[INFO] [stderr]    Compiling smallvec v0.6.7
[INFO] [stderr]    Compiling want v0.0.6
[INFO] [stderr]    Compiling tokio-executor v0.1.7
[INFO] [stderr]    Compiling bytes v0.4.11
[INFO] [stderr]    Compiling idna v0.1.5
[INFO] [stderr]    Compiling rand_pcg v0.1.1
[INFO] [stderr]    Compiling tokio-current-thread v0.1.4
[INFO] [stderr]    Compiling tokio-timer v0.2.10
[INFO] [stderr]    Compiling crossbeam-epoch v0.7.0
[INFO] [stderr]    Compiling num_cpus v1.9.0
[INFO] [stderr]    Compiling tokio-io v0.1.11
[INFO] [stderr]    Compiling http v0.1.15
[INFO] [stderr]    Compiling quote v0.6.10
[INFO] [stderr]    Compiling url v1.7.2
[INFO] [stderr]    Compiling rand_os v0.1.0
[INFO] [stderr]    Compiling net2 v0.2.33
[INFO] [stderr]    Compiling schannel v0.1.14
[INFO] [stderr]    Compiling time v0.1.42
[INFO] [stderr]    Compiling rand v0.5.5
[INFO] [stderr]    Compiling winreg v0.6.0
[INFO] [stderr]    Compiling crossbeam-deque v0.6.3
[INFO] [stderr]    Compiling phf_shared v0.7.24
[INFO] [stderr]    Compiling futures-cpupool v0.1.8
[INFO] [stderr]    Compiling aho-corasick v0.6.9
[INFO] [stderr]    Compiling syn v0.15.24
[INFO] [stderr]    Compiling mime v0.3.12
[INFO] [stderr]    Compiling miow v0.2.1
[INFO] [stderr]    Compiling error-chain v0.12.0
[INFO] [stderr]    Compiling h2 v0.1.15
[INFO] [stderr]    Compiling cookie v0.12.0
[INFO] [stderr]    Compiling phf v0.7.24
[INFO] [stderr]    Compiling uuid v0.7.1
[INFO] [stderr]    Compiling flate2 v1.0.7
[INFO] [stderr]    Compiling mio v0.6.16
[INFO] [stderr]    Compiling serde_derive v1.0.90
[INFO] [stderr]    Compiling synstructure v0.10.1
[INFO] [stderr]    Compiling parking_lot_core v0.4.0
[INFO] [stderr]    Compiling phf_generator v0.7.24
[INFO] [stderr]    Compiling parking_lot v0.7.1
[INFO] [stderr]    Compiling phf_codegen v0.7.24
[INFO] [stderr]    Compiling publicsuffix v1.5.2
[INFO] [stderr]    Compiling mime_guess v2.0.0-alpha.6
[INFO] [stderr]    Compiling crossbeam-channel v0.3.6
[INFO] [stderr]    Compiling tokio-reactor v0.1.8
[INFO] [stderr]    Compiling failure v0.1.5
[INFO] [stderr]    Compiling tokio-threadpool v0.1.10
[INFO] [stderr]    Compiling tokio-tcp v0.1.3
[INFO] [stderr]    Compiling tokio-fs v0.1.6
[INFO] [stderr]    Compiling tokio v0.1.17
[INFO] [stderr]    Compiling hyper v0.12.22
[INFO] [stderr]    Compiling hyper-tls v0.3.2
[INFO] [stderr]    Compiling serde_json v1.0.39
[INFO] [stderr]    Compiling serde_urlencoded v0.5.4
[INFO] [stderr]    Compiling cookie_store v0.7.0
[INFO] [stderr]    Compiling reqwest v0.9.19 (C:\crater\workdir)
[INFO] [stderr]     Finished dev [unoptimized + debuginfo] target(s) in 6m 08s
[INFO] running `"docker" "inspect" "8327ede9bb67a314e236d913e612ae80e9ebf4ac8ba5c0f60337024cdb93050a"`
[INFO] running `"docker" "rm" "-f" "8327ede9bb67a314e236d913e612ae80e9ebf4ac8ba5c0f60337024cdb93050a"`
[INFO] [stdout] 8327ede9bb67a314e236d913e612ae80e9ebf4ac8ba5c0f60337024cdb93050a
[INFO] running `"docker" "create" "--mount" "type=bind,src=C:\\Users\\mackendy\\src\\crater\\work\\local\\target-dirs\\default\\worker-1\\nightly+rustflags=-Zverbose,dst=C:\\crater\\target" "--mount" "type=bind,src=C:\\Users\\mackendy\\src\\crater\\work\\ex\\default\\sources\\nightly+rustflags=-Zverbose\\reg\\reqwest\\0.9.19,dst=C:\\crater\\workdir,readonly" "--mount" "type=bind,src=C:\\Users\\mackendy\\src\\crater\\work\\local\\cargo-home,dst=C:\\crater\\cargo-home,readonly" "--mount" "type=bind,src=C:\\Users\\mackendy\\src\\crater\\work\\local\\rustup-home,dst=C:\\crater\\rustup-home,readonly" "-e" "SOURCE_DIR=C:\\crater\\workdir" "-e" "CARGO_TARGET_DIR=C:\\crater\\target" "-e" "CARGO_INCREMENTAL=0" "-e" "RUST_BACKTRACE=full" "-e" "RUSTFLAGS=--cap-lints=allow -Zverbose" "-e" "CARGO_HOME=C:\\crater\\cargo-home" "-e" "RUSTUP_HOME=C:\\crater\\rustup-home" "-w" "C:\\crater\\workdir" "-m" "1536M" "--network" "none" "--isolation=process" "crates-build-env-windows" "C:\\crater\\cargo-home\\bin\\cargo" "+nightly" "test" "--frozen" "--no-run"`
[INFO] [stdout] e50b0c697c93ce79d3c414bcca0913dbdb098fbfd307dcc5937d24e18ebbce73
[INFO] running `"docker" "start" "-a" "e50b0c697c93ce79d3c414bcca0913dbdb098fbfd307dcc5937d24e18ebbce73"`
[INFO] [stderr]    Compiling doc-comment v0.3.1
[INFO] [stderr]    Compiling winapi-util v0.1.1
[INFO] [stderr]    Compiling atty v0.2.11
[INFO] [stderr]    Compiling libflate v0.1.19
[INFO] [stderr]    Compiling wincolor v1.0.1
[INFO] [stderr]    Compiling termcolor v1.0.4
[INFO] [stderr]    Compiling env_logger v0.6.0
[INFO] [stderr]    Compiling reqwest v0.9.19 (C:\crater\workdir)
[INFO] [stderr]     Finished dev [unoptimized + debuginfo] target(s) in 1m 35s
[INFO] running `"docker" "inspect" "e50b0c697c93ce79d3c414bcca0913dbdb098fbfd307dcc5937d24e18ebbce73"`
[INFO] running `"docker" "rm" "-f" "e50b0c697c93ce79d3c414bcca0913dbdb098fbfd307dcc5937d24e18ebbce73"`
[INFO] [stdout] e50b0c697c93ce79d3c414bcca0913dbdb098fbfd307dcc5937d24e18ebbce73
[INFO] running `"docker" "create" "--mount" "type=bind,src=C:\\Users\\mackendy\\src\\crater\\work\\local\\target-dirs\\default\\worker-1\\nightly+rustflags=-Zverbose,dst=C:\\crater\\target" "--mount" "type=bind,src=C:\\Users\\mackendy\\src\\crater\\work\\ex\\default\\sources\\nightly+rustflags=-Zverbose\\reg\\reqwest\\0.9.19,dst=C:\\crater\\workdir,readonly" "--mount" "type=bind,src=C:\\Users\\mackendy\\src\\crater\\work\\local\\cargo-home,dst=C:\\crater\\cargo-home,readonly" "--mount" "type=bind,src=C:\\Users\\mackendy\\src\\crater\\work\\local\\rustup-home,dst=C:\\crater\\rustup-home,readonly" "-e" "SOURCE_DIR=C:\\crater\\workdir" "-e" "CARGO_TARGET_DIR=C:\\crater\\target" "-e" "CARGO_INCREMENTAL=0" "-e" "RUST_BACKTRACE=full" "-e" "RUSTFLAGS=--cap-lints=allow -Zverbose" "-e" "CARGO_HOME=C:\\crater\\cargo-home" "-e" "RUSTUP_HOME=C:\\crater\\rustup-home" "-w" "C:\\crater\\workdir" "-m" "1536M" "--network" "none" "--isolation=process" "crates-build-env-windows" "C:\\crater\\cargo-home\\bin\\cargo" "+nightly" "test" "--frozen"`
[INFO] [stdout] 77e89db195e2c24f3b03b79fdf4483439cdaaee48dcbc216ffec40e1db682f8b
[INFO] running `"docker" "start" "-a" "77e89db195e2c24f3b03b79fdf4483439cdaaee48dcbc216ffec40e1db682f8b"`
[INFO] [stderr]     Finished dev [unoptimized + debuginfo] target(s) in 2.22s
[INFO] [stderr]      Running C:\crater\target\debug\deps\reqwest-58ec013f77dfcdd5.exe
[INFO] [stdout] 
[INFO] [stdout] running 55 tests
[INFO] [stdout] test async_impl::multipart::tests::form_empty ... ok
[INFO] [stdout] test async_impl::multipart::tests::header_percent_encoding ... ok
[INFO] [stdout] test async_impl::multipart::tests::stream_to_end ... ok
[INFO] [stdout] test async_impl::multipart::tests::stream_to_end_with_header ... ok
[INFO] [stdout] test async_impl::request::tests::add_query_append ... ok
[INFO] [stdout] test async_impl::request::tests::add_query_append_same ... ok
[INFO] [stdout] test async_impl::request::tests::add_query_map ... ok
[INFO] [stdout] test async_impl::request::tests::add_query_struct ... ok
[INFO] [stdout] test async_impl::request::tests::normalize_empty_query ... ok
[INFO] [stdout] test async_impl::request::tests::test_replace_headers ... ok
[INFO] [stdout] test async_impl::response::tests::test_from_http_response ... ok
[INFO] [stdout] test async_impl::response::tests::test_response_builder_ext ... ok
[INFO] [stdout] test connect::tests::test_tunnel_eof ... ok
[INFO] [stdout] test connect::tests::test_tunnel ... ok
[INFO] [stdout] test connect::tests::test_tunnel_non_http_response ... ok
[INFO] [stdout] test connect::tests::test_tunnel_basic_auth ... ok
[INFO] [stdout] test connect::tests::test_tunnel_proxy_unauthorized ... ok
[INFO] [stdout] test error::tests::mem_size_of ... ok
[INFO] [stdout] test error::tests::roundtrip_io_error ... ok
[INFO] [stdout] test error::tests::test_cause_chain ... ok
[INFO] [stdout] test into_url::tests::into_url_file_scheme ... ok
[INFO] [stdout] test multipart::tests::form_empty ... ok
[INFO] [stdout] test multipart::tests::read_to_end ... ok
[INFO] [stdout] test multipart::tests::read_to_end_with_header ... ok
[INFO] [stdout] test multipart::tests::read_to_end_with_length ... ok
[INFO] [stdout] test proxy::tests::test_all ... ok
[INFO] [stdout] test proxy::tests::test_custom ... ok
[INFO] [stdout] test proxy::tests::test_get_proxies ... ok
[INFO] [stdout] test proxy::tests::test_http ... ok
[INFO] [stdout] test proxy::tests::test_https ... ok
[INFO] [stdout] test redirect::test_redirect_policy_custom ... ok
[INFO] [stdout] test redirect::test_redirect_policy_limit ... ok
[INFO] [stdout] test redirect::test_remove_sensitive_headers ... ok
[INFO] [stdout] test request::tests::add_body ... ok
[INFO] [stdout] test request::tests::add_form ... ok
[INFO] [stdout] test request::tests::add_header ... ok
[INFO] [stdout] test request::tests::add_headers ... ok
[INFO] [stdout] test request::tests::add_headers_multi ... ok
[INFO] [stdout] test request::tests::add_json ... ok
[INFO] [stdout] test request::tests::add_json_fail ... ok
[INFO] [stdout] test request::tests::add_query_append ... ok
[INFO] [stdout] test request::tests::add_query_append_same ... ok
[INFO] [stdout] test request::tests::add_query_map ... ok
[INFO] [stdout] test request::tests::add_query_struct ... ok
[INFO] [stdout] test request::tests::basic_delete_request ... ok
[INFO] [stdout] test request::tests::basic_get_request ... ok
[INFO] [stdout] test request::tests::basic_head_request ... ok
[INFO] [stdout] test request::tests::basic_patch_request ... ok
[INFO] [stdout] test request::tests::basic_post_request ... ok
[INFO] [stdout] test request::tests::basic_put_request ... ok
[INFO] [stdout] test request::tests::normalize_empty_query ... ok
[INFO] [stdout] test tls::tests::certificate_from_der_invalid ... ok
[INFO] [stdout] test tls::tests::certificate_from_pem_invalid ... ok
[INFO] [stdout] test tls::tests::identity_from_pkcs12_der_invalid ... ok
[INFO] [stdout] test request::tests::test_replace_headers ... ok
[INFO] [stderr]      Running C:\crater\target\debug\deps\async-4cdbd63693e96101.exe
[INFO] [stdout] 
[INFO] [stdout] test result: ok. 55 passed; 0 failed; 0 ignored; 0 measured; 0 filtered out
[INFO] [stdout] 
[INFO] [stdout] 
[INFO] [stdout] running 8 tests
[INFO] [stdout] test multipart ... ok
[INFO] [stdout] test body_stream ... ok
[INFO] [stdout] test gzip_response ... ok
[INFO] [stdout] test response_text ... ok
[INFO] [stdout] test gzip_single_byte_chunks ... ok
[INFO] [stdout] test response_json ... ok
[INFO] [stdout] test request_timeout ... ok
[INFO] [stderr]      Running C:\crater\target\debug\deps\badssl-88d447badd1117a0.exe
[INFO] [stdout] test response_timeout ... ok
[INFO] [stdout] 
[INFO] [stdout] test result: ok. 8 passed; 0 failed; 0 ignored; 0 measured; 0 filtered out
[INFO] [stdout] 
[INFO] [stdout] 
[INFO] [stdout] running 3 tests
[INFO] [stdout] test test_badssl_wrong_host ... FAILED
[INFO] [stdout] test test_badssl_modern ... FAILED
[INFO] [stdout] test test_badssl_self_signed ... FAILED
[INFO] [stdout] 
[INFO] [stdout] failures:
[INFO] [stdout] 
[INFO] [stdout] ---- test_badssl_wrong_host stdout ----
[INFO] [stdout] thread 'test_badssl_wrong_host' panicked at 'called `Result::unwrap()` on an `Err` value: Error(Hyper(Error { kind: Connect, cause: Os { code: 11001, kind: Other, message: "No such host is known." } }), "https://wrong.host.badssl.com/")', src\libcore\result.rs:1051:5
[INFO] [stdout] stack backtrace:
[INFO] [stdout]    0:     0x7ff715fc621c - backtrace::backtrace::trace_unsynchronized
[INFO] [stdout]                                at C:\Program Files\Rust\.cargo\registry\src\github.com-1ecc6299db9ec823\backtrace-0.3.29\src\backtrace\mod.rs:66
[INFO] [stdout]    1:     0x7ff715fc621c - std::sys_common::backtrace::_print
[INFO] [stdout]                                at /rustc/273f42b5964c29dda2c5a349dd4655529767b07f\/src\libstd\sys_common\backtrace.rs:47
[INFO] [stdout]    2:     0x7ff715fc97be - std::sys_common::backtrace::print
[INFO] [stdout]                                at /rustc/273f42b5964c29dda2c5a349dd4655529767b07f\/src\libstd\sys_common\backtrace.rs:36
[INFO] [stdout]    3:     0x7ff715fc97be - std::panicking::default_hook::{{closure}}
[INFO] [stdout]                                at /rustc/273f42b5964c29dda2c5a349dd4655529767b07f\/src\libstd\panicking.rs:200
[INFO] [stdout]    4:     0x7ff715fc93cd - std::panicking::default_hook
[INFO] [stdout]                                at /rustc/273f42b5964c29dda2c5a349dd4655529767b07f\/src\libstd\panicking.rs:211
[INFO] [stdout]    5:     0x7ff715fca050 - std::panicking::rust_panic_with_hook
[INFO] [stdout]                                at /rustc/273f42b5964c29dda2c5a349dd4655529767b07f\/src\libstd\panicking.rs:477
[INFO] [stdout]    6:     0x7ff715fc9b84 - std::panicking::continue_panic_fmt
[INFO] [stdout]                                at /rustc/273f42b5964c29dda2c5a349dd4655529767b07f\/src\libstd\panicking.rs:384
[INFO] [stdout]    7:     0x7ff715fc9a69 - std::panicking::rust_begin_panic
[INFO] [stdout]                                at /rustc/273f42b5964c29dda2c5a349dd4655529767b07f\/src\libstd\panicking.rs:311
[INFO] [stdout]    8:     0x7ff715fd893c - core::panicking::panic_fmt
[INFO] [stdout]                                at /rustc/273f42b5964c29dda2c5a349dd4655529767b07f\/src\libcore\panicking.rs:85
[INFO] [stdout]    9:     0x7ff715fd8a3f - core::result::unwrap_failed
[INFO] [stdout]                                at /rustc/273f42b5964c29dda2c5a349dd4655529767b07f\/src\libcore\result.rs:1051
[INFO] [stdout]   10:     0x7ff7158316aa - core::result::Result<reqwest::response::Response, reqwest::error::Error>::unwrap<reqwest::response::Response,reqwest::error::Error>
[INFO] [stdout]                                at /rustc/273f42b5964c29dda2c5a349dd4655529767b07f\src\libcore\result.rs:852
[INFO] [stdout]   11:     0x7ff7158322b0 - badssl::test_badssl_wrong_host
[INFO] [stdout]                                at C:\crater\workdir\tests\badssl.rs:29
[INFO] [stdout]   12:     0x7ff7158321de - badssl::test_badssl_wrong_host::{{closure}}
[INFO] [stdout]                                at C:\crater\workdir\tests\badssl.rs:28
[INFO] [stdout]   13:     0x7ff7158326ab - core::ops::function::FnOnce::call_once<closure,()>
[INFO] [stdout]                                at /rustc/273f42b5964c29dda2c5a349dd4655529767b07f\src\libcore\ops\function.rs:231
[INFO] [stdout]   14:     0x7ff7158434c7 - alloc::boxed::{{impl}}::call_once<(),FnOnce<()>>
[INFO] [stdout]                                at /rustc/273f42b5964c29dda2c5a349dd4655529767b07f\src\liballoc\boxed.rs:766
[INFO] [stdout]   15:     0x7ff715fceb22 - panic_unwind::__rust_maybe_catch_panic
[INFO] [stdout]                                at /rustc/273f42b5964c29dda2c5a349dd4655529767b07f\/src\libpanic_unwind\lib.rs:82
[INFO] [stdout]   16:     0x7ff715862a88 - std::panicking::try
[INFO] [stdout]                                at /rustc/273f42b5964c29dda2c5a349dd4655529767b07f\src\libstd\panicking.rs:275
[INFO] [stdout]   17:     0x7ff715862a88 - std::panic::catch_unwind
[INFO] [stdout]                                at /rustc/273f42b5964c29dda2c5a349dd4655529767b07f\src\libstd\panic.rs:394
[INFO] [stdout]   18:     0x7ff715862a88 - test::run_test::run_test_inner::{{closure}}
[INFO] [stdout]                                at /rustc/273f42b5964c29dda2c5a349dd4655529767b07f\/src\libtest\lib.rs:1472
[INFO] [stdout]   19:     0x7ff71583537e - std::sys_common::backtrace::__rust_begin_short_backtrace<closure,()>
[INFO] [stdout]                                at /rustc/273f42b5964c29dda2c5a349dd4655529767b07f\src\libstd\sys_common\backtrace.rs:77
[INFO] [stdout]   20:     0x7ff71583b51e - std::thread::{{impl}}::spawn_unchecked::{{closure}}::{{closure}}
[INFO] [stdout]                                at /rustc/273f42b5964c29dda2c5a349dd4655529767b07f\src\libstd\thread\mod.rs:470
[INFO] [stdout]   21:     0x7ff71583b51e - std::panic::{{impl}}::call_once
[INFO] [stdout]                                at /rustc/273f42b5964c29dda2c5a349dd4655529767b07f\src\libstd\panic.rs:315
[INFO] [stdout]   22:     0x7ff71583b51e - std::panicking::try::do_call<std::panic::AssertUnwindSafe<closure>,()>
[INFO] [stdout]                                at /rustc/273f42b5964c29dda2c5a349dd4655529767b07f\src\libstd\panicking.rs:296
[INFO] [stdout]   23:     0x7ff715fceb22 - panic_unwind::__rust_maybe_catch_panic
[INFO] [stdout]                                at /rustc/273f42b5964c29dda2c5a349dd4655529767b07f\/src\libpanic_unwind\lib.rs:82
[INFO] [stdout]   24:     0x7ff71583bbc0 - std::panicking::try
[INFO] [stdout]                                at /rustc/273f42b5964c29dda2c5a349dd4655529767b07f\src\libstd\panicking.rs:275
[INFO] [stdout]   25:     0x7ff71583bbc0 - std::panic::catch_unwind
[INFO] [stdout]                                at /rustc/273f42b5964c29dda2c5a349dd4655529767b07f\src\libstd\panic.rs:394
[INFO] [stdout]   26:     0x7ff71583bbc0 - std::thread::{{impl}}::spawn_unchecked::{{closure}}
[INFO] [stdout]                                at /rustc/273f42b5964c29dda2c5a349dd4655529767b07f\src\libstd\thread\mod.rs:469
[INFO] [stdout]   27:     0x7ff71583bbc0 - core::ops::function::FnOnce::call_once<closure,()>
[INFO] [stdout]                                at /rustc/273f42b5964c29dda2c5a349dd4655529767b07f\src\libcore\ops\function.rs:231
[INFO] [stdout]   28:     0x7ff715fb8207 - alloc::boxed::{{impl}}::call_once<(),FnOnce<()>>
[INFO] [stdout]                                at /rustc/273f42b5964c29dda2c5a349dd4655529767b07f\src\liballoc\boxed.rs:766
[INFO] [stdout]   29:     0x7ff715fcd266 - alloc::boxed::{{impl}}::call_once
[INFO] [stdout]                                at /rustc/273f42b5964c29dda2c5a349dd4655529767b07f\src\liballoc\boxed.rs:766
[INFO] [stdout]   30:     0x7ff715fcd266 - std::sys_common::thread::start_thread
[INFO] [stdout]                                at /rustc/273f42b5964c29dda2c5a349dd4655529767b07f\/src\libstd\sys_common\thread.rs:13
[INFO] [stdout]   31:     0x7ff715fcd266 - std::sys::windows::thread::{{impl}}::new::thread_start
[INFO] [stdout]                                at /rustc/273f42b5964c29dda2c5a349dd4655529767b07f\/src\libstd\sys\windows\thread.rs:47
[INFO] [stdout]   32:     0x7ff8f1727974 - BaseThreadInitThunk
[INFO] [stdout]   33:     0x7ff9146da271 - RtlUserThreadStart
[INFO] [stdout] 
[INFO] [stdout] ---- test_badssl_modern stdout ----
[INFO] [stdout] thread 'test_badssl_modern' panicked at 'called `Result::unwrap()` on an `Err` value: Error(Hyper(Error { kind: Connect, cause: Os { code: 11001, kind: Other, message: "No such host is known." } }), "https://mozilla-modern.badssl.com/")', src\libcore\result.rs:1051:5
[INFO] [stdout] stack backtrace:
[INFO] [stdout]    0:     0x7ff715fc621c - backtrace::backtrace::trace_unsynchronized
[INFO] [stdout]                                at C:\Program Files\Rust\.cargo\registry\src\github.com-1ecc6299db9ec823\backtrace-0.3.29\src\backtrace\mod.rs:66
[INFO] [stdout]    1:     0x7ff715fc621c - std::sys_common::backtrace::_print
[INFO] [stdout]                                at /rustc/273f42b5964c29dda2c5a349dd4655529767b07f\/src\libstd\sys_common\backtrace.rs:47
[INFO] [stdout]    2:     0x7ff715fc97be - std::sys_common::backtrace::print
[INFO] [stdout]                                at /rustc/273f42b5964c29dda2c5a349dd4655529767b07f\/src\libstd\sys_common\backtrace.rs:36
[INFO] [stdout]    3:     0x7ff715fc97be - std::panicking::default_hook::{{closure}}
[INFO] [stdout]                                at /rustc/273f42b5964c29dda2c5a349dd4655529767b07f\/src\libstd\panicking.rs:200
[INFO] [stdout]    4:     0x7ff715fc93cd - std::panicking::default_hook
[INFO] [stdout]                                at /rustc/273f42b5964c29dda2c5a349dd4655529767b07f\/src\libstd\panicking.rs:211
[INFO] [stdout]    5:     0x7ff715fca050 - std::panicking::rust_panic_with_hook
[INFO] [stdout]                                at /rustc/273f42b5964c29dda2c5a349dd4655529767b07f\/src\libstd\panicking.rs:477
[INFO] [stdout]    6:     0x7ff715fc9b84 - std::panicking::continue_panic_fmt
[INFO] [stdout]                                at /rustc/273f42b5964c29dda2c5a349dd4655529767b07f\/src\libstd\panicking.rs:384
[INFO] [stdout]    7:     0x7ff715fc9a69 - std::panicking::rust_begin_panic
[INFO] [stdout]                                at /rustc/273f42b5964c29dda2c5a349dd4655529767b07f\/src\libstd\panicking.rs:311
[INFO] [stderr] error: test failed, to rerun pass '--test badssl'
[INFO] [stdout]    8:     0x7ff715fd893c - core::panicking::panic_fmt
[INFO] [stdout]                                at /rustc/273f42b5964c29dda2c5a349dd4655529767b07f\/src\libcore\panicking.rs:85
[INFO] [stdout]    9:     0x7ff715fd8a3f - core::result::unwrap_failed
[INFO] [stdout]                                at /rustc/273f42b5964c29dda2c5a349dd4655529767b07f\/src\libcore\result.rs:1051
[INFO] [stdout]   10:     0x7ff7158316aa - core::result::Result<reqwest::response::Response, reqwest::error::Error>::unwrap<reqwest::response::Response,reqwest::error::Error>
[INFO] [stdout]                                at /rustc/273f42b5964c29dda2c5a349dd4655529767b07f\src\libcore\result.rs:852
[INFO] [stdout]   11:     0x7ff715831e6e - badssl::test_badssl_modern
[INFO] [stdout]                                at C:\crater\workdir\tests\badssl.rs:7
[INFO] [stdout]   12:     0x7ff715831e0e - badssl::test_badssl_modern::{{closure}}
[INFO] [stdout]                                at C:\crater\workdir\tests\badssl.rs:6
[INFO] [stdout]   13:     0x7ff7158326fb - core::ops::function::FnOnce::call_once<closure,()>
[INFO] [stdout]                                at /rustc/273f42b5964c29dda2c5a349dd4655529767b07f\src\libcore\ops\function.rs:231
[INFO] [stdout]   14:     0x7ff7158434c7 - alloc::boxed::{{impl}}::call_once<(),FnOnce<()>>
[INFO] [stdout]                                at /rustc/273f42b5964c29dda2c5a349dd4655529767b07f\src\liballoc\boxed.rs:766
[INFO] [stdout]   15:     0x7ff715fceb22 - panic_unwind::__rust_maybe_catch_panic
[INFO] [stdout]                                at /rustc/273f42b5964c29dda2c5a349dd4655529767b07f\/src\libpanic_unwind\lib.rs:82
[INFO] [stdout]   16:     0x7ff715862a88 - std::panicking::try
[INFO] [stdout]                                at /rustc/273f42b5964c29dda2c5a349dd4655529767b07f\src\libstd\panicking.rs:275
[INFO] [stdout]   17:     0x7ff715862a88 - std::panic::catch_unwind
[INFO] [stdout]                                at /rustc/273f42b5964c29dda2c5a349dd4655529767b07f\src\libstd\panic.rs:394
[INFO] [stdout]   18:     0x7ff715862a88 - test::run_test::run_test_inner::{{closure}}
[INFO] [stdout]                                at /rustc/273f42b5964c29dda2c5a349dd4655529767b07f\/src\libtest\lib.rs:1472
[INFO] [stdout]   19:     0x7ff71583537e - std::sys_common::backtrace::__rust_begin_short_backtrace<closure,()>
[INFO] [stdout]                                at /rustc/273f42b5964c29dda2c5a349dd4655529767b07f\src\libstd\sys_common\backtrace.rs:77
[INFO] [stdout]   20:     0x7ff71583b51e - std::thread::{{impl}}::spawn_unchecked::{{closure}}::{{closure}}
[INFO] [stdout]                                at /rustc/273f42b5964c29dda2c5a349dd4655529767b07f\src\libstd\thread\mod.rs:470
[INFO] [stdout]   21:     0x7ff71583b51e - std::panic::{{impl}}::call_once
[INFO] [stdout]                                at /rustc/273f42b5964c29dda2c5a349dd4655529767b07f\src\libstd\panic.rs:315
[INFO] [stdout]   22:     0x7ff71583b51e - std::panicking::try::do_call<std::panic::AssertUnwindSafe<closure>,()>
[INFO] [stdout]                                at /rustc/273f42b5964c29dda2c5a349dd4655529767b07f\src\libstd\panicking.rs:296
[INFO] [stdout]   23:     0x7ff715fceb22 - panic_unwind::__rust_maybe_catch_panic
[INFO] [stdout]                                at /rustc/273f42b5964c29dda2c5a349dd4655529767b07f\/src\libpanic_unwind\lib.rs:82
[INFO] [stdout]   24:     0x7ff71583bbc0 - std::panicking::try
[INFO] [stdout]                                at /rustc/273f42b5964c29dda2c5a349dd4655529767b07f\src\libstd\panicking.rs:275
[INFO] [stdout]   25:     0x7ff71583bbc0 - std::panic::catch_unwind
[INFO] [stdout]                                at /rustc/273f42b5964c29dda2c5a349dd4655529767b07f\src\libstd\panic.rs:394
[INFO] [stdout]   26:     0x7ff71583bbc0 - std::thread::{{impl}}::spawn_unchecked::{{closure}}
[INFO] [stdout]                                at /rustc/273f42b5964c29dda2c5a349dd4655529767b07f\src\libstd\thread\mod.rs:469
[INFO] [stdout]   27:     0x7ff71583bbc0 - core::ops::function::FnOnce::call_once<closure,()>
[INFO] [stdout]                                at /rustc/273f42b5964c29dda2c5a349dd4655529767b07f\src\libcore\ops\function.rs:231
[INFO] [stdout]   28:     0x7ff715fb8207 - alloc::boxed::{{impl}}::call_once<(),FnOnce<()>>
[INFO] [stdout]                                at /rustc/273f42b5964c29dda2c5a349dd4655529767b07f\src\liballoc\boxed.rs:766
[INFO] [stdout]   29:     0x7ff715fcd266 - alloc::boxed::{{impl}}::call_once
[INFO] [stdout]                                at /rustc/273f42b5964c29dda2c5a349dd4655529767b07f\src\liballoc\boxed.rs:766
[INFO] [stdout]   30:     0x7ff715fcd266 - std::sys_common::thread::start_thread
[INFO] [stdout]                                at /rustc/273f42b5964c29dda2c5a349dd4655529767b07f\/src\libstd\sys_common\thread.rs:13
[INFO] [stdout]   31:     0x7ff715fcd266 - std::sys::windows::thread::{{impl}}::new::thread_start
[INFO] [stdout]                                at /rustc/273f42b5964c29dda2c5a349dd4655529767b07f\/src\libstd\sys\windows\thread.rs:47
[INFO] [stdout]   32:     0x7ff8f1727974 - BaseThreadInitThunk
[INFO] [stdout]   33:     0x7ff9146da271 - RtlUserThreadStart
[INFO] [stdout] 
[INFO] [stdout] ---- test_badssl_self_signed stdout ----
[INFO] [stdout] thread 'test_badssl_self_signed' panicked at 'called `Result::unwrap()` on an `Err` value: Error(Hyper(Error { kind: Connect, cause: Os { code: 11001, kind: Other, message: "No such host is known." } }), "https://self-signed.badssl.com/")', src\libcore\result.rs:1051:5
[INFO] [stdout] stack backtrace:
[INFO] [stdout]    0:     0x7ff715fc621c - backtrace::backtrace::trace_unsynchronized
[INFO] [stdout]                                at C:\Program Files\Rust\.cargo\registry\src\github.com-1ecc6299db9ec823\backtrace-0.3.29\src\backtrace\mod.rs:66
[INFO] [stdout]    1:     0x7ff715fc621c - std::sys_common::backtrace::_print
[INFO] [stdout]                                at /rustc/273f42b5964c29dda2c5a349dd4655529767b07f\/src\libstd\sys_common\backtrace.rs:47
[INFO] [stdout]    2:     0x7ff715fc97be - std::sys_common::backtrace::print
[INFO] [stdout]                                at /rustc/273f42b5964c29dda2c5a349dd4655529767b07f\/src\libstd\sys_common\backtrace.rs:36
[INFO] [stdout]    3:     0x7ff715fc97be - std::panicking::default_hook::{{closure}}
[INFO] [stdout]                                at /rustc/273f42b5964c29dda2c5a349dd4655529767b07f\/src\libstd\panicking.rs:200
[INFO] [stdout]    4:     0x7ff715fc93cd - std::panicking::default_hook
[INFO] [stdout]                                at /rustc/273f42b5964c29dda2c5a349dd4655529767b07f\/src\libstd\panicking.rs:211
[INFO] [stdout]    5:     0x7ff715fca050 - std::panicking::rust_panic_with_hook
[INFO] [stdout]                                at /rustc/273f42b5964c29dda2c5a349dd4655529767b07f\/src\libstd\panicking.rs:477
[INFO] [stdout]    6:     0x7ff715fc9b84 - std::panicking::continue_panic_fmt
[INFO] [stdout]                                at /rustc/273f42b5964c29dda2c5a349dd4655529767b07f\/src\libstd\panicking.rs:384
[INFO] [stdout]    7:     0x7ff715fc9a69 - std::panicking::rust_begin_panic
[INFO] [stdout]                                at /rustc/273f42b5964c29dda2c5a349dd4655529767b07f\/src\libstd\panicking.rs:311
[INFO] [stdout]    8:     0x7ff715fd893c - core::panicking::panic_fmt
[INFO] [stdout]                                at /rustc/273f42b5964c29dda2c5a349dd4655529767b07f\/src\libcore\panicking.rs:85
[INFO] [stdout]    9:     0x7ff715fd8a3f - core::result::unwrap_failed
[INFO] [stdout]                                at /rustc/273f42b5964c29dda2c5a349dd4655529767b07f\/src\libcore\result.rs:1051
[INFO] [stdout]   10:     0x7ff7158316aa - core::result::Result<reqwest::response::Response, reqwest::error::Error>::unwrap<reqwest::response::Response,reqwest::error::Error>
[INFO] [stdout]                                at /rustc/273f42b5964c29dda2c5a349dd4655529767b07f\src\libcore\result.rs:852
[INFO] [stdout]   11:     0x7ff71583204a - badssl::test_badssl_self_signed
[INFO] [stdout]                                at C:\crater\workdir\tests\badssl.rs:16
[INFO] [stdout]   12:     0x7ff715831f7e - badssl::test_badssl_self_signed::{{closure}}
[INFO] [stdout]                                at C:\crater\workdir\tests\badssl.rs:15
[INFO] [stdout]   13:     0x7ff71583265b - core::ops::function::FnOnce::call_once<closure,()>
[INFO] [stdout]                                at /rustc/273f42b5964c29dda2c5a349dd4655529767b07f\src\libcore\ops\function.rs:231
[INFO] [stdout]   14:     0x7ff7158434c7 - alloc::boxed::{{impl}}::call_once<(),FnOnce<()>>
[INFO] [stdout]                                at /rustc/273f42b5964c29dda2c5a349dd4655529767b07f\src\liballoc\boxed.rs:766
[INFO] [stdout]   15:     0x7ff715fceb22 - panic_unwind::__rust_maybe_catch_panic
[INFO] [stdout]                                at /rustc/273f42b5964c29dda2c5a349dd4655529767b07f\/src\libpanic_unwind\lib.rs:82
[INFO] [stdout]   16:     0x7ff715862a88 - std::panicking::try
[INFO] [stdout]                                at /rustc/273f42b5964c29dda2c5a349dd4655529767b07f\src\libstd\panicking.rs:275
[INFO] [stdout]   17:     0x7ff715862a88 - std::panic::catch_unwind
[INFO] [stdout]                                at /rustc/273f42b5964c29dda2c5a349dd4655529767b07f\src\libstd\panic.rs:394
[INFO] [stdout]   18:     0x7ff715862a88 - test::run_test::run_test_inner::{{closure}}
[INFO] [stdout]                                at /rustc/273f42b5964c29dda2c5a349dd4655529767b07f\/src\libtest\lib.rs:1472
[INFO] [stdout]   19:     0x7ff71583537e - std::sys_common::backtrace::__rust_begin_short_backtrace<closure,()>
[INFO] [stdout]                                at /rustc/273f42b5964c29dda2c5a349dd4655529767b07f\src\libstd\sys_common\backtrace.rs:77
[INFO] [stdout]   20:     0x7ff71583b51e - std::thread::{{impl}}::spawn_unchecked::{{closure}}::{{closure}}
[INFO] [stdout]                                at /rustc/273f42b5964c29dda2c5a349dd4655529767b07f\src\libstd\thread\mod.rs:470
[INFO] [stdout]   21:     0x7ff71583b51e - std::panic::{{impl}}::call_once
[INFO] [stdout]                                at /rustc/273f42b5964c29dda2c5a349dd4655529767b07f\src\libstd\panic.rs:315
[INFO] [stdout]   22:     0x7ff71583b51e - std::panicking::try::do_call<std::panic::AssertUnwindSafe<closure>,()>
[INFO] [stdout]                                at /rustc/273f42b5964c29dda2c5a349dd4655529767b07f\src\libstd\panicking.rs:296
[INFO] [stdout]   23:     0x7ff715fceb22 - panic_unwind::__rust_maybe_catch_panic
[INFO] [stdout]                                at /rustc/273f42b5964c29dda2c5a349dd4655529767b07f\/src\libpanic_unwind\lib.rs:82
[INFO] [stdout]   24:     0x7ff71583bbc0 - std::panicking::try
[INFO] [stdout]                                at /rustc/273f42b5964c29dda2c5a349dd4655529767b07f\src\libstd\panicking.rs:275
[INFO] [stdout]   25:     0x7ff71583bbc0 - std::panic::catch_unwind
[INFO] [stdout]                                at /rustc/273f42b5964c29dda2c5a349dd4655529767b07f\src\libstd\panic.rs:394
[INFO] [stdout]   26:     0x7ff71583bbc0 - std::thread::{{impl}}::spawn_unchecked::{{closure}}
[INFO] [stdout]                                at /rustc/273f42b5964c29dda2c5a349dd4655529767b07f\src\libstd\thread\mod.rs:469
[INFO] [stdout]   27:     0x7ff71583bbc0 - core::ops::function::FnOnce::call_once<closure,()>
[INFO] [stdout]                                at /rustc/273f42b5964c29dda2c5a349dd4655529767b07f\src\libcore\ops\function.rs:231
[INFO] [stdout]   28:     0x7ff715fb8207 - alloc::boxed::{{impl}}::call_once<(),FnOnce<()>>
[INFO] [stdout]                                at /rustc/273f42b5964c29dda2c5a349dd4655529767b07f\src\liballoc\boxed.rs:766
[INFO] [stdout]   29:     0x7ff715fcd266 - alloc::boxed::{{impl}}::call_once
[INFO] [stdout]                                at /rustc/273f42b5964c29dda2c5a349dd4655529767b07f\src\liballoc\boxed.rs:766
[INFO] [stdout]   30:     0x7ff715fcd266 - std::sys_common::thread::start_thread
[INFO] [stdout]                                at /rustc/273f42b5964c29dda2c5a349dd4655529767b07f\/src\libstd\sys_common\thread.rs:13
[INFO] [stdout]   31:     0x7ff715fcd266 - std::sys::windows::thread::{{impl}}::new::thread_start
[INFO] [stdout]                                at /rustc/273f42b5964c29dda2c5a349dd4655529767b07f\/src\libstd\sys\windows\thread.rs:47
[INFO] [stdout]   32:     0x7ff8f1727974 - BaseThreadInitThunk
[INFO] [stdout]   33:     0x7ff9146da271 - RtlUserThreadStart
[INFO] [stdout] 
[INFO] [stdout] 
[INFO] [stdout] failures:
[INFO] [stdout]     test_badssl_modern
[INFO] [stdout]     test_badssl_self_signed
[INFO] [stdout]     test_badssl_wrong_host
[INFO] [stdout] 
[INFO] [stdout] test result: FAILED. 0 passed; 3 failed; 0 ignored; 0 measured; 0 filtered out
[INFO] [stdout] 
[INFO] running `"docker" "inspect" "77e89db195e2c24f3b03b79fdf4483439cdaaee48dcbc216ffec40e1db682f8b"`
[INFO] running `"docker" "rm" "-f" "77e89db195e2c24f3b03b79fdf4483439cdaaee48dcbc216ffec40e1db682f8b"`
[INFO] [stdout] 77e89db195e2c24f3b03b79fdf4483439cdaaee48dcbc216ffec40e1db682f8b
