[INFO] cloning repository domodwyer/benchpmc
[INFO] running `"git" "clone" "--bare" "git://github.com/domodwyer/benchpmc.git" "work\\cache\\sources\\gh\\domodwyer\\benchpmc"`
[INFO] [stderr] Cloning into bare repository 'work\cache\sources\gh\domodwyer\benchpmc'...
[INFO] running `"git" "clone" "work\\cache\\sources\\gh\\domodwyer\\benchpmc" "work\\ex\\default\\sources\\nightly\\gh\\domodwyer\\benchpmc"`
[INFO] [stderr] Cloning into 'work\ex\default\sources\nightly\gh\domodwyer\benchpmc'...
[INFO] [stderr] done.
[INFO] running `"git" "clone" "work\\cache\\sources\\gh\\domodwyer\\benchpmc" "work\\ex\\default\\sources\\nightly+rustflags=-Zverbose\\gh\\domodwyer\\benchpmc"`
[INFO] [stderr] Cloning into 'work\ex\default\sources\nightly+rustflags=-Zverbose\gh\domodwyer\benchpmc'...
[INFO] [stderr] done.
[INFO] running `"git" "rev-parse" "HEAD"`
[INFO] [stdout] e71b67ccdb793a3a94b4dfc47e0fc391957b0dac
[INFO] sha for GitHub repo domodwyer/benchpmc: e71b67ccdb793a3a94b4dfc47e0fc391957b0dac
[INFO] validating manifest of domodwyer/benchpmc on toolchain nightly
[INFO] running `"C:\\Users\\mackendy\\src\\crater\\work\\local\\cargo-home\\bin\\cargo.exe" "+nightly" "read-manifest" "--manifest-path" "Cargo.toml"`
[INFO] validating manifest of domodwyer/benchpmc on toolchain nightly+rustflags=-Zverbose
[INFO] running `"C:\\Users\\mackendy\\src\\crater\\work\\local\\cargo-home\\bin\\cargo.exe" "+nightly" "read-manifest" "--manifest-path" "Cargo.toml"`
[INFO] started frobbing domodwyer/benchpmc
[INFO] finished frobbing domodwyer/benchpmc
[INFO] frobbed toml for domodwyer/benchpmc written to work\ex\default\sources\nightly\gh\domodwyer\benchpmc\Cargo.toml
[INFO] started frobbing domodwyer/benchpmc
[INFO] finished frobbing domodwyer/benchpmc
[INFO] frobbed toml for domodwyer/benchpmc written to work\ex\default\sources\nightly+rustflags=-Zverbose\gh\domodwyer\benchpmc\Cargo.toml
[INFO] crate domodwyer/benchpmc already has a lockfile, it will not be regenerated
[INFO] running `"C:\\Users\\mackendy\\src\\crater\\work\\local\\cargo-home\\bin\\cargo.exe" "+nightly" "fetch" "--locked" "--manifest-path" "Cargo.toml"`
[INFO] [stderr]     Blocking waiting for file lock on package cache
[INFO] [stderr] error: the lock file C:\Users\mackendy\src\crater\work\ex\default\sources\nightly\gh\domodwyer\benchpmc\Cargo.lock needs to be updated but --locked was passed to prevent this
[INFO] the lockfile is outdated, regenerating it
[INFO] running `"C:\\Users\\mackendy\\src\\crater\\work\\local\\cargo-home\\bin\\cargo.exe" "+nightly" "generate-lockfile" "--manifest-path" "Cargo.toml" "-Zno-index-update"`
[INFO] [stderr]     Blocking waiting for file lock on package cache
[INFO] running `"C:\\Users\\mackendy\\src\\crater\\work\\local\\cargo-home\\bin\\cargo.exe" "+nightly" "generate-lockfile" "--manifest-path" "Cargo.toml" "-Zno-index-update"`
[INFO] running `"C:\\Users\\mackendy\\src\\crater\\work\\local\\cargo-home\\bin\\cargo.exe" "+nightly" "fetch" "--locked" "--manifest-path" "Cargo.toml"`
[INFO] [stderr]  Downloading crates ...
[INFO] [stderr]   Downloaded separator v0.3.1
[INFO] [stderr]   Downloaded pmc-sys v0.1.0
[INFO] [stderr]   Downloaded bindgen v0.33.2
[INFO] [stderr]   Downloaded clang-sys v0.22.0
[INFO] [stderr]   Downloaded nix v0.10.0
[INFO] [stderr]   Downloaded pmc-rs v0.1.0
[INFO] running `"C:\\Users\\mackendy\\src\\crater\\work\\local\\cargo-home\\bin\\cargo.exe" "+nightly" "fetch" "--locked" "--manifest-path" "Cargo.toml"`
[INFO] testing domodwyer/benchpmc against nightly+rustflags=-Zverbose for default
[INFO] running `"docker" "create" "--mount" "type=bind,src=C:\\Users\\mackendy\\src\\crater\\work\\local\\target-dirs\\default\\worker-1\\nightly+rustflags=-Zverbose,dst=C:\\crater\\target" "--mount" "type=bind,src=C:\\Users\\mackendy\\src\\crater\\work\\ex\\default\\sources\\nightly+rustflags=-Zverbose\\gh\\domodwyer\\benchpmc,dst=C:\\crater\\workdir,readonly" "--mount" "type=bind,src=C:\\Users\\mackendy\\src\\crater\\work\\local\\cargo-home,dst=C:\\crater\\cargo-home,readonly" "--mount" "type=bind,src=C:\\Users\\mackendy\\src\\crater\\work\\local\\rustup-home,dst=C:\\crater\\rustup-home,readonly" "-e" "SOURCE_DIR=C:\\crater\\workdir" "-e" "CARGO_TARGET_DIR=C:\\crater\\target" "-e" "CARGO_INCREMENTAL=0" "-e" "RUST_BACKTRACE=full" "-e" "RUSTFLAGS=--cap-lints=allow -Zverbose" "-e" "CARGO_HOME=C:\\crater\\cargo-home" "-e" "RUSTUP_HOME=C:\\crater\\rustup-home" "-w" "C:\\crater\\workdir" "-m" "1536M" "--network" "none" "--isolation=process" "crates-build-env-windows" "C:\\crater\\cargo-home\\bin\\cargo" "+nightly" "build" "--frozen"`
[INFO] [stdout] b5482943b33af3450c8b2a5a843c861ac5489d58088b2ecb8e782f41524b966f
[INFO] running `"docker" "start" "-a" "b5482943b33af3450c8b2a5a843c861ac5489d58088b2ecb8e782f41524b966f"`
[INFO] [stderr]    Compiling byteorder v1.3.2
[INFO] [stderr]    Compiling winapi v0.3.7
[INFO] [stderr]    Compiling libc v0.2.60
[INFO] [stderr]    Compiling bitflags v1.1.0
[INFO] [stderr]    Compiling nix v0.10.0
[INFO] [stderr]    Compiling void v1.0.2
[INFO] [stderr]    Compiling separator v0.3.1
[INFO] [stderr]    Compiling textwrap v0.9.0
[INFO] [stderr]    Compiling bytes v0.4.12
[INFO] [stderr]    Compiling atty v0.2.13
[INFO] [stderr]    Compiling ansi_term v0.11.0
[INFO] [stderr]    Compiling clap v2.31.2
[INFO] [stderr]    Compiling benchpmc v1.0.0 (C:\crater\workdir)
[INFO] [stderr] error[E0433]: failed to resolve: could not find `unix` in `os`
[INFO] [stderr]  --> src\runner\exec.rs:3:14
[INFO] [stderr]   |
[INFO] [stderr] 3 | use std::os::unix::io::RawFd;
[INFO] [stderr]   |              ^^^^ could not find `unix` in `os`
[INFO] [stderr] 
[INFO] [stderr] error[E0433]: failed to resolve: could not find `sys` in `nix`
[INFO] [stderr]  --> src\runner\exec.rs:6:10
[INFO] [stderr]   |
[INFO] [stderr] 6 | use nix::sys::wait::{waitpid, WaitStatus};
[INFO] [stderr]   |          ^^^ could not find `sys` in `nix`
[INFO] [stderr] 
[INFO] [stderr] error[E0433]: failed to resolve: could not find `sys` in `nix`
[INFO] [stderr]  --> src\runner\exec.rs:7:10
[INFO] [stderr]   |
[INFO] [stderr] 7 | use nix::sys::socket::{socketpair, AddressFamily, SockFlag, SockType};
[INFO] [stderr]   |          ^^^ could not find `sys` in `nix`
[INFO] [stderr] 
[INFO] [stderr] error[E0433]: failed to resolve: could not find `sys` in `nix`
[INFO] [stderr]  --> src\runner\exec.rs:8:10
[INFO] [stderr]   |
[INFO] [stderr] 8 | use nix::sys::signal::{kill, Signal};
[INFO] [stderr]   |          ^^^ could not find `sys` in `nix`
[INFO] [stderr] 
[INFO] [stderr] error[E0432]: unresolved import `nix::unistd`
[INFO] [stderr]  --> src\runner\exec.rs:5:10
[INFO] [stderr]   |
[INFO] [stderr] 5 | use nix::unistd::{close, execvp, fork, read, write, ForkResult, Pid};
[INFO] [stderr]   |          ^^^^^^ could not find `unistd` in `nix`
[INFO] [stderr] 
[INFO] [stderr] error[E0433]: failed to resolve: use of undeclared type or module `AddressFamily`
[INFO] [stderr]   --> src\runner\exec.rs:56:4
[INFO] [stderr]    |
[INFO] [stderr] 56 |             AddressFamily::Unix,
[INFO] [stderr]    |             ^^^^^^^^^^^^^ use of undeclared type or module `AddressFamily`
[INFO] [stderr] 
[INFO] [stderr] error[E0433]: failed to resolve: use of undeclared type or module `SockType`
[INFO] [stderr]   --> src\runner\exec.rs:57:4
[INFO] [stderr]    |
[INFO] [stderr] 57 |             SockType::Stream,
[INFO] [stderr]    |             ^^^^^^^^ use of undeclared type or module `SockType`
[INFO] [stderr] 
[INFO] [stderr] error[E0433]: failed to resolve: use of undeclared type or module `SockFlag`
[INFO] [stderr]   --> src\runner\exec.rs:59:4
[INFO] [stderr]    |
[INFO] [stderr] 59 |             SockFlag::empty(),
[INFO] [stderr]    |             ^^^^^^^^ use of undeclared type or module `SockFlag`
[INFO] [stderr] 
[INFO] [stderr] error[E0433]: failed to resolve: use of undeclared type or module `WaitStatus`
[INFO] [stderr]    --> src\runner\exec.rs:109:7
[INFO] [stderr]     |
[INFO] [stderr] 109 |             Ok(WaitStatus::Exited(_, BAD_EXEC)) => None,
[INFO] [stderr]     |                ^^^^^^^^^^ use of undeclared type or module `WaitStatus`
[INFO] [stderr] 
[INFO] [stderr] error[E0433]: failed to resolve: use of undeclared type or module `WaitStatus`
[INFO] [stderr]    --> src\runner\exec.rs:110:7
[INFO] [stderr]     |
[INFO] [stderr] 110 |             Ok(WaitStatus::Exited(_, val)) => Some(val),
[INFO] [stderr]     |                ^^^^^^^^^^ use of undeclared type or module `WaitStatus`
[INFO] [stderr] 
[INFO] [stderr] error[E0433]: failed to resolve: use of undeclared type or module `Signal`
[INFO] [stderr]    --> src\runner\exec.rs:123:22
[INFO] [stderr]     |
[INFO] [stderr] 123 |             let _ = kill(pid, Signal::SIGTERM);
[INFO] [stderr]     |                               ^^^^^^ use of undeclared type or module `Signal`
[INFO] [stderr] 
[INFO] [stderr] error[E0412]: cannot find type `RawFd` in this scope
[INFO] [stderr]   --> src\runner\exec.rs:24:10
[INFO] [stderr]    |
[INFO] [stderr] 24 |     socket: RawFd,
[INFO] [stderr]    |             ^^^^^ not found in this scope
[INFO] [stderr] 
[INFO] [stderr] error[E0425]: cannot find function `socketpair` in this scope
[INFO] [stderr]   --> src\runner\exec.rs:55:35
[INFO] [stderr]    |
[INFO] [stderr] 55 |         let (parent_sock, child_sock) = socketpair(
[INFO] [stderr]    |                                         ^^^^^^^^^^ not found in this scope
[INFO] [stderr] 
[INFO] [stderr] error[E0425]: cannot find function `waitpid` in this scope
[INFO] [stderr]    --> src\runner\exec.rs:108:9
[INFO] [stderr]     |
[INFO] [stderr] 108 |         match waitpid(self.pid, None) {
[INFO] [stderr]     |               ^^^^^^^ not found in this scope
[INFO] [stderr] 
[INFO] [stderr] error[E0425]: cannot find function `kill` in this scope
[INFO] [stderr]    --> src\runner\exec.rs:123:12
[INFO] [stderr]     |
[INFO] [stderr] 123 |             let _ = kill(pid, Signal::SIGTERM);
[INFO] [stderr]     |                     ^^^^ not found in this scope
[INFO] [stderr] 
[INFO] [stderr] error: aborting due to 15 previous errors
[INFO] [stderr] 
[INFO] [stderr] Some errors have detailed explanations: E0412, E0425, E0432, E0433.
[INFO] [stderr] For more information about an error, try `rustc --explain E0412`.
[INFO] [stderr] error: Could not compile `benchpmc`.
[INFO] [stderr] 
[INFO] [stderr] To learn more, run the command again with --verbose.
[INFO] running `"docker" "inspect" "b5482943b33af3450c8b2a5a843c861ac5489d58088b2ecb8e782f41524b966f"`
[INFO] running `"docker" "rm" "-f" "b5482943b33af3450c8b2a5a843c861ac5489d58088b2ecb8e782f41524b966f"`
[INFO] [stdout] b5482943b33af3450c8b2a5a843c861ac5489d58088b2ecb8e782f41524b966f
