[INFO] cloning repository josler/promptly-rs
[INFO] running `"git" "clone" "--bare" "git://github.com/josler/promptly-rs.git" "work\\cache\\sources\\gh\\josler\\promptly-rs"`
[INFO] [stderr] Cloning into bare repository 'work\cache\sources\gh\josler\promptly-rs'...
[INFO] running `"git" "clone" "work\\cache\\sources\\gh\\josler\\promptly-rs" "work\\ex\\default\\sources\\stable\\gh\\josler\\promptly-rs"`
[INFO] [stderr] Cloning into 'work\ex\default\sources\stable\gh\josler\promptly-rs'...
[INFO] [stderr] done.
[INFO] running `"git" "clone" "work\\cache\\sources\\gh\\josler\\promptly-rs" "work\\ex\\default\\sources\\beta\\gh\\josler\\promptly-rs"`
[INFO] [stderr] Cloning into 'work\ex\default\sources\beta\gh\josler\promptly-rs'...
[INFO] [stderr] done.
[INFO] running `"git" "rev-parse" "HEAD"`
[INFO] [stdout] 78431d9b8b64d032b69bdc2724377141b622404f
[INFO] sha for GitHub repo josler/promptly-rs: 78431d9b8b64d032b69bdc2724377141b622404f
[INFO] validating manifest of josler/promptly-rs on toolchain stable
[INFO] running `"C:\\Users\\mackendy\\src\\crater\\work\\local\\cargo-home\\bin\\cargo.exe" "+stable" "read-manifest" "--manifest-path" "Cargo.toml"`
[INFO] validating manifest of josler/promptly-rs on toolchain beta
[INFO] running `"C:\\Users\\mackendy\\src\\crater\\work\\local\\cargo-home\\bin\\cargo.exe" "+beta" "read-manifest" "--manifest-path" "Cargo.toml"`
[INFO] started frobbing josler/promptly-rs
[INFO] finished frobbing josler/promptly-rs
[INFO] frobbed toml for josler/promptly-rs written to work\ex\default\sources\stable\gh\josler\promptly-rs\Cargo.toml
[INFO] started frobbing josler/promptly-rs
[INFO] finished frobbing josler/promptly-rs
[INFO] frobbed toml for josler/promptly-rs written to work\ex\default\sources\beta\gh\josler\promptly-rs\Cargo.toml
[INFO] crate josler/promptly-rs already has a lockfile, it will not be regenerated
[INFO] running `"C:\\Users\\mackendy\\src\\crater\\work\\local\\cargo-home\\bin\\cargo.exe" "+stable" "fetch" "--locked" "--manifest-path" "Cargo.toml"`
[INFO] [stderr]     Blocking waiting for file lock on package cache lock
[INFO] [stderr]  Downloading crates ...
[INFO] [stderr]   Downloaded redox_syscall v0.1.38
[INFO] [stderr]   Downloaded syn v0.15.13
[INFO] [stderr]   Downloaded quote v0.6.8
[INFO] [stderr]   Downloaded proc-macro2 v0.4.19
[INFO] [stderr]   Downloaded failure_derive v0.1.2
[INFO] [stderr]   Downloaded synstructure v0.9.0
[INFO] [stderr]   Downloaded syn v0.14.9
[INFO] [stderr]   Downloaded failure v0.1.2
[INFO] [stderr]   Downloaded backtrace v0.3.9
[INFO] [stderr]   Downloaded rustc-demangle v0.1.9
[INFO] [stderr]   Downloaded backtrace-sys v0.1.24
[INFO] [stderr]   Downloaded dirs v1.0.4
[INFO] [stderr]   Downloaded redox_users v0.2.0
[INFO] [stderr]   Downloaded clap v2.31.2
[INFO] [stderr]   Downloaded atty v0.2.10
[INFO] [stderr]   Downloaded libc v0.2.41
[INFO] running `"C:\\Users\\mackendy\\src\\crater\\work\\local\\cargo-home\\bin\\cargo.exe" "+beta" "fetch" "--locked" "--manifest-path" "Cargo.toml"`
[INFO] testing josler/promptly-rs against stable for default
[INFO] running `"docker" "create" "--mount" "type=bind,src=C:\\Users\\mackendy\\src\\crater\\work\\local\\target-dirs\\default\\worker-1\\stable,dst=C:\\crater\\target" "--mount" "type=bind,src=C:\\Users\\mackendy\\src\\crater\\work\\ex\\default\\sources\\stable\\gh\\josler\\promptly-rs,dst=C:\\crater\\workdir,readonly" "--mount" "type=bind,src=C:\\Users\\mackendy\\src\\crater\\work\\local\\cargo-home,dst=C:\\crater\\cargo-home,readonly" "--mount" "type=bind,src=C:\\Users\\mackendy\\src\\crater\\work\\local\\rustup-home,dst=C:\\crater\\rustup-home,readonly" "-e" "SOURCE_DIR=C:\\crater\\workdir" "-e" "CARGO_TARGET_DIR=C:\\crater\\target" "-e" "CARGO_INCREMENTAL=0" "-e" "RUST_BACKTRACE=full" "-e" "RUSTFLAGS=--cap-lints=allow" "-e" "CARGO_HOME=C:\\crater\\cargo-home" "-e" "RUSTUP_HOME=C:\\crater\\rustup-home" "-w" "C:\\crater\\workdir" "-m" "1536M" "--network" "none" "--isolation=process" "crates-build-env-windows" "C:\\crater\\cargo-home\\bin\\cargo" "+stable" "build" "--frozen"`
[INFO] [stdout] 2d32ae916516b899926fae4991d0bbb2c8cac24552886a5416bdc60b49c27516
[INFO] running `"docker" "start" "-a" "2d32ae916516b899926fae4991d0bbb2c8cac24552886a5416bdc60b49c27516"`
[INFO] [stderr]    Compiling proc-macro2 v0.4.19
[INFO] [stderr]    Compiling winapi v0.3.4
[INFO] [stderr]    Compiling failure_derive v0.1.2
[INFO] [stderr]    Compiling serde v1.0.80
[INFO] [stderr]    Compiling rustc-demangle v0.1.9
[INFO] [stderr]    Compiling cfg-if v0.1.5
[INFO] [stderr]    Compiling libc v0.2.41
[INFO] [stderr]    Compiling bitflags v1.0.3
[INFO] [stderr]    Compiling textwrap v0.9.0
[INFO] [stderr]    Compiling termion v1.5.1
[INFO] [stderr] error[E0433]: failed to resolve: maybe a missing `extern crate sys;`?
[INFO] [stderr]   --> C:\crater\cargo-home\registry\src\github.com-1ecc6299db9ec823\termion-1.5.1\src\lib.rs:22:9
[INFO] [stderr]    |
[INFO] [stderr] 22 | pub use sys::size::terminal_size;
[INFO] [stderr]    |         ^^^ maybe a missing `extern crate sys;`?
[INFO] [stderr] 
[INFO] [stderr] error[E0433]: failed to resolve: maybe a missing `extern crate sys;`?
[INFO] [stderr]   --> C:\crater\cargo-home\registry\src\github.com-1ecc6299db9ec823\termion-1.5.1\src\lib.rs:23:9
[INFO] [stderr]    |
[INFO] [stderr] 23 | pub use sys::tty::{is_tty, get_tty};
[INFO] [stderr]    |         ^^^ maybe a missing `extern crate sys;`?
[INFO] [stderr] 
[INFO] [stderr] error[E0433]: failed to resolve: maybe a missing `extern crate sys;`?
[INFO] [stderr]  --> C:\crater\cargo-home\registry\src\github.com-1ecc6299db9ec823\termion-1.5.1\src\async.rs:5:5
[INFO] [stderr]   |
[INFO] [stderr] 5 | use sys::tty::get_tty;
[INFO] [stderr]   |     ^^^ maybe a missing `extern crate sys;`?
[INFO] [stderr] 
[INFO] [stderr] error[E0433]: failed to resolve: maybe a missing `extern crate sys;`?
[INFO] [stderr]   --> C:\crater\cargo-home\registry\src\github.com-1ecc6299db9ec823\termion-1.5.1\src\raw.rs:29:5
[INFO] [stderr]    |
[INFO] [stderr] 29 | use sys::attr::{get_terminal_attr, raw_terminal_attr, set_terminal_attr};
[INFO] [stderr]    |     ^^^ maybe a missing `extern crate sys;`?
[INFO] [stderr] 
[INFO] [stderr] error[E0432]: unresolved import `sys`
[INFO] [stderr]   --> C:\crater\cargo-home\registry\src\github.com-1ecc6299db9ec823\termion-1.5.1\src\raw.rs:28:5
[INFO] [stderr]    |
[INFO] [stderr] 28 | use sys::Termios;
[INFO] [stderr]    |     ^^^ maybe a missing `extern crate sys;`?
[INFO] [stderr] 
[INFO] [stderr] error[E0425]: cannot find function `get_tty` in this scope
[INFO] [stderr]   --> C:\crater\cargo-home\registry\src\github.com-1ecc6299db9ec823\termion-1.5.1\src\async.rs:20:36
[INFO] [stderr]    |
[INFO] [stderr] 20 |     thread::spawn(move || for i in get_tty().unwrap().bytes() {
[INFO] [stderr]    |                                    ^^^^^^^ not found in this scope
[INFO] [stderr] 
[INFO] [stderr] error[E0425]: cannot find function `set_terminal_attr` in this scope
[INFO] [stderr]   --> C:\crater\cargo-home\registry\src\github.com-1ecc6299db9ec823\termion-1.5.1\src\raw.rs:45:9
[INFO] [stderr]    |
[INFO] [stderr] 45 |         set_terminal_attr(&self.prev_ios).unwrap();
[INFO] [stderr]    |         ^^^^^^^^^^^^^^^^^ not found in this scope
[INFO] [stderr] 
[INFO] [stderr] error[E0425]: cannot find function `get_terminal_attr` in this scope
[INFO] [stderr]   --> C:\crater\cargo-home\registry\src\github.com-1ecc6299db9ec823\termion-1.5.1\src\raw.rs:90:23
[INFO] [stderr]    |
[INFO] [stderr] 90 |         let mut ios = get_terminal_attr()?;
[INFO] [stderr]    |                       ^^^^^^^^^^^^^^^^^ not found in this scope
[INFO] [stderr] 
[INFO] [stderr] error[E0425]: cannot find function `raw_terminal_attr` in this scope
[INFO] [stderr]   --> C:\crater\cargo-home\registry\src\github.com-1ecc6299db9ec823\termion-1.5.1\src\raw.rs:93:9
[INFO] [stderr]    |
[INFO] [stderr] 93 |         raw_terminal_attr(&mut ios);
[INFO] [stderr]    |         ^^^^^^^^^^^^^^^^^ not found in this scope
[INFO] [stderr] 
[INFO] [stderr] error[E0425]: cannot find function `set_terminal_attr` in this scope
[INFO] [stderr]   --> C:\crater\cargo-home\registry\src\github.com-1ecc6299db9ec823\termion-1.5.1\src\raw.rs:95:9
[INFO] [stderr]    |
[INFO] [stderr] 95 |         set_terminal_attr(&ios)?;
[INFO] [stderr]    |         ^^^^^^^^^^^^^^^^^ not found in this scope
[INFO] [stderr] 
[INFO] [stderr] error: aborting due to 10 previous errors
[INFO] [stderr] 
[INFO] [stderr] Some errors have detailed explanations: E0425, E0432, E0433.
[INFO] [stderr] For more information about an error, try `rustc --explain E0425`.
[INFO] [stderr] error: Could not compile `termion`.
[INFO] [stderr] warning: build failed, waiting for other jobs to finish...
[INFO] [stderr] error: build failed
[INFO] running `"docker" "inspect" "2d32ae916516b899926fae4991d0bbb2c8cac24552886a5416bdc60b49c27516"`
[INFO] running `"docker" "rm" "-f" "2d32ae916516b899926fae4991d0bbb2c8cac24552886a5416bdc60b49c27516"`
[INFO] [stdout] 2d32ae916516b899926fae4991d0bbb2c8cac24552886a5416bdc60b49c27516
